<?xml version="1.0" encoding="UTF-8"?>
<robot generator="Robot 2.9.1 (Jython 2.7.0 on java1.8.0_05)" generated="20150905 13:02:20.452">
<suite source="C:\_GITHUB\robotframework-sikuliXlibrary\test\library_self_test.robot" name="Library Self Test" id="s1">
<test name="SikuliXLibrary Arguments" id="s1-t1">
<kw type="setup" name="Start Calculator and Focus it's window">
<msg level="TRACE" timestamp="20150905 13:02:24.491">Arguments: [  ]</msg>
<kw library="SikuliXLibrary" name="Start App">
<msg level="TRACE" timestamp="20150905 13:02:24.497">Arguments: [  ]</msg>
<msg level="INFO" timestamp="20150905 13:02:27.525">[log] App.open calc.exe(8704)
[log] App.focus Rechner(0) #0</msg>
<msg level="TRACE" timestamp="20150905 13:02:27.527">Return: None</msg>
<status endtime="20150905 13:02:27.530" starttime="20150905 13:02:24.495" status="PASS"></status>
</kw>
<kw library="SikuliXLibrary" name="Verify App">
<msg level="TRACE" timestamp="20150905 13:02:27.535">Arguments: [  ]</msg>
<msg level="INFO" timestamp="20150905 13:02:28.820">PASS: Calculator window appeared</msg>
<msg level="INFO" html="yes" timestamp="20150905 13:02:28.821">Source Image &lt;img src="../library_self_test_images/CalcApp.png" /&gt;</msg>
<msg level="INFO" html="yes" timestamp="20150905 13:02:28.822">Best Matches &lt;img src="../results/matches/2015-09-05_13-02-28.png" /&gt;</msg>
<msg level="INFO" timestamp="20150905 13:02:28.822">Matched with score: 0.993371427059</msg>
<msg level="TRACE" timestamp="20150905 13:02:28.828">Return: None</msg>
<status endtime="20150905 13:02:28.829" starttime="20150905 13:02:27.533" status="PASS"></status>
</kw>
<kw library="SikuliXLibrary" name="Click">
<doc>Dokumentation fehlt!!!</doc>
<arguments>
<arg>btnC.png</arg>
</arguments>
<msg level="TRACE" timestamp="20150905 13:02:28.843">Arguments: [ 'btnC.png' ]</msg>
<msg level="INFO" timestamp="20150905 13:02:29.980">*args in 'NEW_CLICK:CASE 1 START()':
- args[0] = btnC.png


**kwargs in 'NEW_CLICK:CASE 1 START()': 


__init__(vars) in 'NEW_CLICK:CASE 1 START()':
- self.timeout:			5.55
- self.action:			click
- self.click_target:		None
- self.post_condition:		None
- self.similarity:		0.77
- self.location:		None
- self.single_key:		


*args in 'NEW_CLICK:CASE 1 - one arg is image (.png)()':
- args[0] = btnC.png


**kwargs in 'NEW_CLICK:CASE 1 - one arg is image (.png)()': 


__init__(vars) in 'NEW_CLICK:CASE 1 - one arg is image (.png)()':
- self.timeout:			5.55
- self.action:			click
- self.click_target:		btnC.png
- self.post_condition:		None
- self.similarity:		0.77
- self.location:		None
- self.single_key:		


*args in 'CHECK_POST_CONDITION()':
- args[0] = btnC.png


**kwargs in 'CHECK_POST_CONDITION()': 


__init__(vars) in 'CHECK_POST_CONDITION()':
- self.timeout:			5.55
- self.action:			click
- self.click_target:		btnC.png
- self.post_condition:		None
- self.similarity:		0.77
- self.location:		None
- self.single_key:		</msg>
<msg level="INFO" timestamp="20150905 13:02:29.981">PASS: Action performed without post condition check.
[log] CLICK on L(932,511)@S(0)[0,0 1280x800]</msg>
<msg level="TRACE" timestamp="20150905 13:02:29.987">Return: None</msg>
<status endtime="20150905 13:02:29.988" starttime="20150905 13:02:28.833" status="PASS"></status>
</kw>
<msg level="TRACE" timestamp="20150905 13:02:29.994">Return: None</msg>
<status endtime="20150905 13:02:29.995" starttime="20150905 13:02:24.485" status="PASS"></status>
</kw>
<kw library="SikuliXLibrary" name="Log Library Arguments">
<msg level="TRACE" timestamp="20150905 13:02:30.001">Arguments: [  ]</msg>
<msg level="INFO" timestamp="20150905 13:02:30.005">SikuliXLibrary imported with this FUCKING arguments:

greeting:		'Bring back hairy pussies, man!!!'
timeout:		5.55
similarity:		0.77
image_path:		library_self_test_images
cfgImageLibrary:	library_self_test_images
- self.single_key:		</msg>
<msg level="TRACE" timestamp="20150905 13:02:30.006">Return: None</msg>
<status endtime="20150905 13:02:30.007" starttime="20150905 13:02:29.999" status="PASS"></status>
</kw>
<tags>
<tag>log</tag>
</tags>
<status critical="yes" endtime="20150905 13:02:30.013" starttime="20150905 13:02:24.474" status="PASS"></status>
</test>
<test name="Click Image" id="s1-t2">
<kw type="setup" name="Start Calculator and Focus it's window">
<msg level="TRACE" timestamp="20150905 13:02:30.030">Arguments: [  ]</msg>
<kw library="SikuliXLibrary" name="Start App">
<msg level="TRACE" timestamp="20150905 13:02:30.035">Arguments: [  ]</msg>
<msg level="INFO" timestamp="20150905 13:02:31.040">[log] App.focus Rechner(0) #0</msg>
<msg level="TRACE" timestamp="20150905 13:02:31.043">Return: None</msg>
<status endtime="20150905 13:02:31.048" starttime="20150905 13:02:30.033" status="PASS"></status>
</kw>
<kw library="SikuliXLibrary" name="Verify App">
<msg level="TRACE" timestamp="20150905 13:02:31.054">Arguments: [  ]</msg>
<msg level="INFO" timestamp="20150905 13:02:31.678">PASS: Calculator window appeared</msg>
<msg level="INFO" html="yes" timestamp="20150905 13:02:31.679">Source Image &lt;img src="../library_self_test_images/CalcApp.png" /&gt;</msg>
<msg level="INFO" html="yes" timestamp="20150905 13:02:31.716">Best Matches &lt;img src="../results/matches/2015-09-05_13-02-31.png" /&gt;</msg>
<msg level="INFO" timestamp="20150905 13:02:31.726">Matched with score: 0.995595216751</msg>
<msg level="TRACE" timestamp="20150905 13:02:31.822">Return: None</msg>
<status endtime="20150905 13:02:31.825" starttime="20150905 13:02:31.052" status="PASS"></status>
</kw>
<kw library="SikuliXLibrary" name="Click">
<doc>Dokumentation fehlt!!!</doc>
<arguments>
<arg>btnC.png</arg>
</arguments>
<msg level="TRACE" timestamp="20150905 13:02:31.836">Arguments: [ 'btnC.png' ]</msg>
<msg level="INFO" timestamp="20150905 13:02:34.982">*args in 'NEW_CLICK:CASE 1 START()':
- args[0] = btnC.png


**kwargs in 'NEW_CLICK:CASE 1 START()': 


__init__(vars) in 'NEW_CLICK:CASE 1 START()':
- self.timeout:			5.55
- self.action:			click
- self.click_target:		btnC.png
- self.post_condition:		None
- self.similarity:		0.77
- self.location:		None
- self.single_key:		


*args in 'NEW_CLICK:CASE 1 - one arg is image (.png)()':
- args[0] = btnC.png


**kwargs in 'NEW_CLICK:CASE 1 - one arg is image (.png)()': 


__init__(vars) in 'NEW_CLICK:CASE 1 - one arg is image (.png)()':
- self.timeout:			5.55
- self.action:			click
- self.click_target:		btnC.png
- self.post_condition:		None
- self.similarity:		0.77
- self.location:		None
- self.single_key:		


*args in 'CHECK_POST_CONDITION()':
- args[0] = btnC.png


**kwargs in 'CHECK_POST_CONDITION()': 


__init__(vars) in 'CHECK_POST_CONDITION()':
- self.timeout:			5.55
- self.action:			click
- self.click_target:		btnC.png
- self.post_condition:		None
- self.similarity:		0.77
- self.location:		None
- self.single_key:		</msg>
<msg level="INFO" timestamp="20150905 13:02:34.983">PASS: Action performed without post condition check.
[log] CLICK on L(932,511)@S(0)[0,0 1280x800]</msg>
<msg level="TRACE" timestamp="20150905 13:02:34.988">Return: None</msg>
<status endtime="20150905 13:02:34.989" starttime="20150905 13:02:31.829" status="PASS"></status>
</kw>
<msg level="TRACE" timestamp="20150905 13:02:34.994">Return: None</msg>
<status endtime="20150905 13:02:34.997" starttime="20150905 13:02:30.027" status="PASS"></status>
</kw>
<kw library="SikuliXLibrary" name="Click">
<doc>Dokumentation fehlt!!!</doc>
<arguments>
<arg>btnC.png</arg>
</arguments>
<msg level="TRACE" timestamp="20150905 13:02:35.007">Arguments: [ 'btnC.png' ]</msg>
<msg level="INFO" timestamp="20150905 13:02:37.152">*args in 'NEW_CLICK:CASE 1 START()':
- args[0] = btnC.png


**kwargs in 'NEW_CLICK:CASE 1 START()': 


__init__(vars) in 'NEW_CLICK:CASE 1 START()':
- self.timeout:			5.55
- self.action:			click
- self.click_target:		btnC.png
- self.post_condition:		None
- self.similarity:		0.77
- self.location:		None
- self.single_key:		


*args in 'NEW_CLICK:CASE 1 - one arg is image (.png)()':
- args[0] = btnC.png


**kwargs in 'NEW_CLICK:CASE 1 - one arg is image (.png)()': 


__init__(vars) in 'NEW_CLICK:CASE 1 - one arg is image (.png)()':
- self.timeout:			5.55
- self.action:			click
- self.click_target:		btnC.png
- self.post_condition:		None
- self.similarity:		0.77
- self.location:		None
- self.single_key:		


*args in 'CHECK_POST_CONDITION()':
- args[0] = btnC.png


**kwargs in 'CHECK_POST_CONDITION()': 


__init__(vars) in 'CHECK_POST_CONDITION()':
- self.timeout:			5.55
- self.action:			click
- self.click_target:		btnC.png
- self.post_condition:		None
- self.similarity:		0.77
- self.location:		None
- self.single_key:		</msg>
<msg level="INFO" timestamp="20150905 13:02:37.153">PASS: Action performed without post condition check.
[log] CLICK on L(932,511)@S(0)[0,0 1280x800]</msg>
<msg level="TRACE" timestamp="20150905 13:02:37.158">Return: None</msg>
<status endtime="20150905 13:02:37.160" starttime="20150905 13:02:35.002" status="PASS"></status>
</kw>
<tags>
<tag>click</tag>
</tags>
<status critical="yes" endtime="20150905 13:02:37.164" starttime="20150905 13:02:30.019" status="PASS"></status>
</test>
<test name="Click Image + simple post condition check" id="s1-t3">
<kw type="setup" name="Start Calculator and Focus it's window">
<msg level="TRACE" timestamp="20150905 13:02:37.186">Arguments: [  ]</msg>
<kw library="SikuliXLibrary" name="Start App">
<msg level="TRACE" timestamp="20150905 13:02:37.193">Arguments: [  ]</msg>
<msg level="INFO" timestamp="20150905 13:02:38.199">[log] App.focus Rechner(0) #0</msg>
<msg level="TRACE" timestamp="20150905 13:02:38.202">Return: None</msg>
<status endtime="20150905 13:02:38.204" starttime="20150905 13:02:37.191" status="PASS"></status>
</kw>
<kw library="SikuliXLibrary" name="Verify App">
<msg level="TRACE" timestamp="20150905 13:02:38.208">Arguments: [  ]</msg>
<msg level="INFO" timestamp="20150905 13:02:38.465">PASS: Calculator window appeared</msg>
<msg level="INFO" html="yes" timestamp="20150905 13:02:38.465">Source Image &lt;img src="../library_self_test_images/CalcApp.png" /&gt;</msg>
<msg level="INFO" html="yes" timestamp="20150905 13:02:38.466">Best Matches &lt;img src="../results/matches/2015-09-05_13-02-38.png" /&gt;</msg>
<msg level="INFO" timestamp="20150905 13:02:38.466">Matched with score: 0.995595216751</msg>
<msg level="TRACE" timestamp="20150905 13:02:38.473">Return: None</msg>
<status endtime="20150905 13:02:38.475" starttime="20150905 13:02:38.206" status="PASS"></status>
</kw>
<kw library="SikuliXLibrary" name="Click">
<doc>Dokumentation fehlt!!!</doc>
<arguments>
<arg>btnC.png</arg>
</arguments>
<msg level="TRACE" timestamp="20150905 13:02:38.484">Arguments: [ 'btnC.png' ]</msg>
<msg level="INFO" timestamp="20150905 13:02:40.905">*args in 'NEW_CLICK:CASE 1 START()':
- args[0] = btnC.png


**kwargs in 'NEW_CLICK:CASE 1 START()': 


__init__(vars) in 'NEW_CLICK:CASE 1 START()':
- self.timeout:			5.55
- self.action:			click
- self.click_target:		btnC.png
- self.post_condition:		None
- self.similarity:		0.77
- self.location:		None
- self.single_key:		


*args in 'NEW_CLICK:CASE 1 - one arg is image (.png)()':
- args[0] = btnC.png


**kwargs in 'NEW_CLICK:CASE 1 - one arg is image (.png)()': 


__init__(vars) in 'NEW_CLICK:CASE 1 - one arg is image (.png)()':
- self.timeout:			5.55
- self.action:			click
- self.click_target:		btnC.png
- self.post_condition:		None
- self.similarity:		0.77
- self.location:		None
- self.single_key:		


*args in 'CHECK_POST_CONDITION()':
- args[0] = btnC.png


**kwargs in 'CHECK_POST_CONDITION()': 


__init__(vars) in 'CHECK_POST_CONDITION()':
- self.timeout:			5.55
- self.action:			click
- self.click_target:		btnC.png
- self.post_condition:		None
- self.similarity:		0.77
- self.location:		None
- self.single_key:		</msg>
<msg level="INFO" timestamp="20150905 13:02:40.906">PASS: Action performed without post condition check.
[log] CLICK on L(932,511)@S(0)[0,0 1280x800]</msg>
<msg level="TRACE" timestamp="20150905 13:02:40.912">Return: None</msg>
<status endtime="20150905 13:02:40.914" starttime="20150905 13:02:38.480" status="PASS"></status>
</kw>
<msg level="TRACE" timestamp="20150905 13:02:40.919">Return: None</msg>
<status endtime="20150905 13:02:40.921" starttime="20150905 13:02:37.181" status="PASS"></status>
</kw>
<kw library="SikuliXLibrary" name="Click">
<doc>Dokumentation fehlt!!!</doc>
<arguments>
<arg>btn2.png</arg>
<arg>CalcApp.png</arg>
</arguments>
<msg level="TRACE" timestamp="20150905 13:02:40.932">Arguments: [ 'btn2.png' | 'CalcApp.png' ]</msg>
<msg level="INFO" timestamp="20150905 13:02:42.632">*args in 'NEW_CLICK:CASE 1 START()':
- args[0] = btn2.png
- args[1] = CalcApp.png


**kwargs in 'NEW_CLICK:CASE 1 START()': 


__init__(vars) in 'NEW_CLICK:CASE 1 START()':
- self.timeout:			5.55
- self.action:			click
- self.click_target:		btnC.png
- self.post_condition:		None
- self.similarity:		0.77
- self.location:		None
- self.single_key:		


*args in 'NEW_CLICK:CASE 1 - one arg is image (.png)()':
- args[0] = btn2.png
- args[1] = CalcApp.png


**kwargs in 'NEW_CLICK:CASE 1 - one arg is image (.png)()': 


__init__(vars) in 'NEW_CLICK:CASE 1 - one arg is image (.png)()':
- self.timeout:			5.55
- self.action:			click
- self.click_target:		btn2.png
- self.post_condition:		None
- self.similarity:		0.77
- self.location:		None
- self.single_key:		


Ein 2. Argument mit dem Wert CalcApp.png wurde uebergeben!!!
*args in 'NEW_CLICK:CASE 1 - two args image + post_condition()':
- args[0] = btn2.png
- args[1] = CalcApp.png


**kwargs in 'NEW_CLICK:CASE 1 - two args image + post_condition()': 


__init__(vars) in 'NEW_CLICK:CASE 1 - two args image + post_condition()':
- self.timeout:			5.55
- self.action:			click
- self.click_target:		btn2.png
- self.post_condition:		CalcApp.png
- self.similarity:		0.77
- self.location:		None
- self.single_key:		


*args in 'CHECK_POST_CONDITION()':
- args[0] = btn2.png
- args[1] = CalcApp.png


**kwargs in 'CHECK_POST_CONDITION()': 


__init__(vars) in 'CHECK_POST_CONDITION()':
- self.timeout:			5.55
- self.action:			click
- self.click_target:		btn2.png
- self.post_condition:		CalcApp.png
- self.similarity:		0.77
- self.location:		None
- self.single_key:		</msg>
<msg level="INFO" timestamp="20150905 13:02:42.633">PASS: Expected post condition (CalcApp.png) met.</msg>
<msg level="INFO" html="yes" timestamp="20150905 13:02:42.634">Source Image &lt;img src="../library_self_test_images/CalcApp.png" /&gt;</msg>
<msg level="INFO" html="yes" timestamp="20150905 13:02:42.635">Best Matches &lt;img src="../results/matches/2015-09-05_13-02-42.png" /&gt;</msg>
<msg level="INFO" timestamp="20150905 13:02:42.635">Matched with score: 0.995595216751
[log] CLICK on L(893,607)@S(0)[0,0 1280x800]</msg>
<msg level="TRACE" timestamp="20150905 13:02:42.644">Return: None</msg>
<status endtime="20150905 13:02:42.646" starttime="20150905 13:02:40.926" status="PASS"></status>
</kw>
<tags>
<tag>click</tag>
</tags>
<status critical="yes" endtime="20150905 13:02:42.651" starttime="20150905 13:02:37.170" status="PASS"></status>
</test>
<test name="Click Image + enhanced post conditions check" id="s1-t4">
<kw type="setup" name="Start Calculator and Focus it's window">
<msg level="TRACE" timestamp="20150905 13:02:42.671">Arguments: [  ]</msg>
<kw library="SikuliXLibrary" name="Start App">
<msg level="TRACE" timestamp="20150905 13:02:42.677">Arguments: [  ]</msg>
<msg level="INFO" timestamp="20150905 13:02:43.680">[log] App.focus Rechner(0) #0</msg>
<msg level="TRACE" timestamp="20150905 13:02:43.682">Return: None</msg>
<status endtime="20150905 13:02:43.684" starttime="20150905 13:02:42.675" status="PASS"></status>
</kw>
<kw library="SikuliXLibrary" name="Verify App">
<msg level="TRACE" timestamp="20150905 13:02:43.688">Arguments: [  ]</msg>
<msg level="INFO" timestamp="20150905 13:02:43.908">PASS: Calculator window appeared</msg>
<msg level="INFO" html="yes" timestamp="20150905 13:02:43.908">Source Image &lt;img src="../library_self_test_images/CalcApp.png" /&gt;</msg>
<msg level="INFO" html="yes" timestamp="20150905 13:02:43.909">Best Matches &lt;img src="../results/matches/2015-09-05_13-02-43.png" /&gt;</msg>
<msg level="INFO" timestamp="20150905 13:02:43.909">Matched with score: 0.984847247601</msg>
<msg level="TRACE" timestamp="20150905 13:02:43.913">Return: None</msg>
<status endtime="20150905 13:02:43.915" starttime="20150905 13:02:43.686" status="PASS"></status>
</kw>
<kw library="SikuliXLibrary" name="Click">
<doc>Dokumentation fehlt!!!</doc>
<arguments>
<arg>btnC.png</arg>
</arguments>
<msg level="TRACE" timestamp="20150905 13:02:43.921">Arguments: [ 'btnC.png' ]</msg>
<msg level="INFO" timestamp="20150905 13:02:44.486">*args in 'NEW_CLICK:CASE 1 START()':
- args[0] = btnC.png


**kwargs in 'NEW_CLICK:CASE 1 START()': 


__init__(vars) in 'NEW_CLICK:CASE 1 START()':
- self.timeout:			5.55
- self.action:			click
- self.click_target:		btn2.png
- self.post_condition:		None
- self.similarity:		0.7
- self.location:		None
- self.single_key:		


*args in 'NEW_CLICK:CASE 1 - one arg is image (.png)()':
- args[0] = btnC.png


**kwargs in 'NEW_CLICK:CASE 1 - one arg is image (.png)()': 


__init__(vars) in 'NEW_CLICK:CASE 1 - one arg is image (.png)()':
- self.timeout:			5.55
- self.action:			click
- self.click_target:		btnC.png
- self.post_condition:		None
- self.similarity:		0.7
- self.location:		None
- self.single_key:		


*args in 'CHECK_POST_CONDITION()':
- args[0] = btnC.png


**kwargs in 'CHECK_POST_CONDITION()': 


__init__(vars) in 'CHECK_POST_CONDITION()':
- self.timeout:			5.55
- self.action:			click
- self.click_target:		btnC.png
- self.post_condition:		None
- self.similarity:		0.7
- self.location:		None
- self.single_key:		</msg>
<msg level="INFO" timestamp="20150905 13:02:44.487">PASS: Action performed without post condition check.
[log] CLICK on L(932,511)@S(0)[0,0 1280x800]</msg>
<msg level="TRACE" timestamp="20150905 13:02:44.489">Return: None</msg>
<status endtime="20150905 13:02:44.491" starttime="20150905 13:02:43.918" status="PASS"></status>
</kw>
<msg level="TRACE" timestamp="20150905 13:02:44.493">Return: None</msg>
<status endtime="20150905 13:02:44.494" starttime="20150905 13:02:42.666" status="PASS"></status>
</kw>
<kw library="SikuliXLibrary" name="Click">
<doc>Dokumentation fehlt!!!</doc>
<arguments>
<arg>btnC.png</arg>
<arg>CalcApp.png</arg>
<arg>similarity=0.66</arg>
</arguments>
<msg level="TRACE" timestamp="20150905 13:02:44.501">Arguments: [ 'btnC.png' | 'CalcApp.png' | similarity='0.66' ]</msg>
<msg level="INFO" timestamp="20150905 13:02:46.655">*args in 'NEW_CLICK:CASE 1 START()':
- args[0] = btnC.png
- args[1] = CalcApp.png


**kwargs in 'NEW_CLICK:CASE 1 START()': 
- kwargs: similarity = 0.66


__init__(vars) in 'NEW_CLICK:CASE 1 START()':
- self.timeout:			5.55
- self.action:			click
- self.click_target:		btnC.png
- self.post_condition:		None
- self.similarity:		0.7
- self.location:		None
- self.single_key:		


*args in 'NEW_CLICK:CASE 1 - one arg is image (.png)()':
- args[0] = btnC.png
- args[1] = CalcApp.png


**kwargs in 'NEW_CLICK:CASE 1 - one arg is image (.png)()': 
- kwargs: similarity = 0.66


__init__(vars) in 'NEW_CLICK:CASE 1 - one arg is image (.png)()':
- self.timeout:			5.55
- self.action:			click
- self.click_target:		btnC.png
- self.post_condition:		None
- self.similarity:		0.7
- self.location:		None
- self.single_key:		


Ein 2. Argument mit dem Wert CalcApp.png wurde uebergeben!!!
*args in 'NEW_CLICK:CASE 1 - two args image + post_condition()':
- args[0] = btnC.png
- args[1] = CalcApp.png


**kwargs in 'NEW_CLICK:CASE 1 - two args image + post_condition()': 
- kwargs: similarity = 0.66


__init__(vars) in 'NEW_CLICK:CASE 1 - two args image + post_condition()':
- self.timeout:			5.55
- self.action:			click
- self.click_target:		btnC.png
- self.post_condition:		CalcApp.png
- self.similarity:		0.7
- self.location:		None
- self.single_key:		


*args in 'CHECK_POST_CONDITION()':
- args[0] = btnC.png
- args[1] = CalcApp.png


**kwargs in 'CHECK_POST_CONDITION()': 
- kwargs: similarity = 0.66


__init__(vars) in 'CHECK_POST_CONDITION()':
- self.timeout:			5.55
- self.action:			click
- self.click_target:		btnC.png
- self.post_condition:		CalcApp.png
- self.similarity:		0.66
- self.location:		None
- self.single_key:		</msg>
<msg level="INFO" timestamp="20150905 13:02:46.656">PASS: Expected post condition (CalcApp.png) met.</msg>
<msg level="INFO" html="yes" timestamp="20150905 13:02:46.657">Source Image &lt;img src="../library_self_test_images/CalcApp.png" /&gt;</msg>
<msg level="INFO" html="yes" timestamp="20150905 13:02:46.657">Best Matches &lt;img src="../results/matches/2015-09-05_13-02-46.png" /&gt;</msg>
<msg level="INFO" timestamp="20150905 13:02:46.657">Matched with score: 0.984847247601
[log] CLICK on L(932,511)@S(0)[0,0 1280x800]</msg>
<msg level="TRACE" timestamp="20150905 13:02:46.664">Return: None</msg>
<status endtime="20150905 13:02:46.665" starttime="20150905 13:02:44.497" status="PASS"></status>
</kw>
<kw library="SikuliXLibrary" name="Click">
<doc>Dokumentation fehlt!!!</doc>
<arguments>
<arg>btn2.png</arg>
<arg>CalcApp.png</arg>
<arg>similarity=0.77</arg>
<arg>timeout=0.33</arg>
</arguments>
<msg level="TRACE" timestamp="20150905 13:02:46.674">Arguments: [ 'btn2.png' | 'CalcApp.png' | similarity='0.77' | timeout='0.33' ]</msg>
<msg level="INFO" timestamp="20150905 13:02:47.453">*args in 'NEW_CLICK:CASE 1 START()':
- args[0] = btn2.png
- args[1] = CalcApp.png


**kwargs in 'NEW_CLICK:CASE 1 START()': 
- kwargs: timeout = 0.33
- kwargs: similarity = 0.77


__init__(vars) in 'NEW_CLICK:CASE 1 START()':
- self.timeout:			5.55
- self.action:			click
- self.click_target:		btnC.png
- self.post_condition:		None
- self.similarity:		0.7
- self.location:		None
- self.single_key:		


*args in 'NEW_CLICK:CASE 1 - one arg is image (.png)()':
- args[0] = btn2.png
- args[1] = CalcApp.png


**kwargs in 'NEW_CLICK:CASE 1 - one arg is image (.png)()': 
- kwargs: timeout = 0.33
- kwargs: similarity = 0.77


__init__(vars) in 'NEW_CLICK:CASE 1 - one arg is image (.png)()':
- self.timeout:			5.55
- self.action:			click
- self.click_target:		btn2.png
- self.post_condition:		None
- self.similarity:		0.7
- self.location:		None
- self.single_key:		


Ein 2. Argument mit dem Wert CalcApp.png wurde uebergeben!!!
*args in 'NEW_CLICK:CASE 1 - two args image + post_condition()':
- args[0] = btn2.png
- args[1] = CalcApp.png


**kwargs in 'NEW_CLICK:CASE 1 - two args image + post_condition()': 
- kwargs: timeout = 0.33
- kwargs: similarity = 0.77


__init__(vars) in 'NEW_CLICK:CASE 1 - two args image + post_condition()':
- self.timeout:			5.55
- self.action:			click
- self.click_target:		btn2.png
- self.post_condition:		CalcApp.png
- self.similarity:		0.7
- self.location:		None
- self.single_key:		


*args in 'CHECK_POST_CONDITION()':
- args[0] = btn2.png
- args[1] = CalcApp.png


**kwargs in 'CHECK_POST_CONDITION()': 
- kwargs: timeout = 0.33
- kwargs: similarity = 0.77


__init__(vars) in 'CHECK_POST_CONDITION()':
- self.timeout:			0.33
- self.action:			click
- self.click_target:		btn2.png
- self.post_condition:		CalcApp.png
- self.similarity:		0.77
- self.location:		None
- self.single_key:		</msg>
<msg level="INFO" timestamp="20150905 13:02:47.454">PASS: Expected post condition (CalcApp.png) met.</msg>
<msg level="INFO" html="yes" timestamp="20150905 13:02:47.454">Source Image &lt;img src="../library_self_test_images/CalcApp.png" /&gt;</msg>
<msg level="INFO" html="yes" timestamp="20150905 13:02:47.455">Best Matches &lt;img src="../results/matches/2015-09-05_13-02-47.png" /&gt;</msg>
<msg level="INFO" timestamp="20150905 13:02:47.455">Matched with score: 0.984847247601
[log] CLICK on L(893,607)@S(0)[0,0 1280x800]</msg>
<msg level="TRACE" timestamp="20150905 13:02:47.460">Return: None</msg>
<status endtime="20150905 13:02:47.462" starttime="20150905 13:02:46.669" status="PASS"></status>
</kw>
<kw library="SikuliXLibrary" name="Click">
<doc>Dokumentation fehlt!!!</doc>
<arguments>
<arg>btnC.png</arg>
<arg>CalcApp.png</arg>
<arg>timeout=0.44</arg>
</arguments>
<msg level="TRACE" timestamp="20150905 13:02:47.469">Arguments: [ 'btnC.png' | 'CalcApp.png' | timeout='0.44' ]</msg>
<msg level="INFO" timestamp="20150905 13:02:48.255">*args in 'NEW_CLICK:CASE 1 START()':
- args[0] = btnC.png
- args[1] = CalcApp.png


**kwargs in 'NEW_CLICK:CASE 1 START()': 
- kwargs: timeout = 0.44


__init__(vars) in 'NEW_CLICK:CASE 1 START()':
- self.timeout:			0.33
- self.action:			click
- self.click_target:		btn2.png
- self.post_condition:		None
- self.similarity:		0.7
- self.location:		None
- self.single_key:		


*args in 'NEW_CLICK:CASE 1 - one arg is image (.png)()':
- args[0] = btnC.png
- args[1] = CalcApp.png


**kwargs in 'NEW_CLICK:CASE 1 - one arg is image (.png)()': 
- kwargs: timeout = 0.44


__init__(vars) in 'NEW_CLICK:CASE 1 - one arg is image (.png)()':
- self.timeout:			0.33
- self.action:			click
- self.click_target:		btnC.png
- self.post_condition:		None
- self.similarity:		0.7
- self.location:		None
- self.single_key:		


Ein 2. Argument mit dem Wert CalcApp.png wurde uebergeben!!!
*args in 'NEW_CLICK:CASE 1 - two args image + post_condition()':
- args[0] = btnC.png
- args[1] = CalcApp.png


**kwargs in 'NEW_CLICK:CASE 1 - two args image + post_condition()': 
- kwargs: timeout = 0.44


__init__(vars) in 'NEW_CLICK:CASE 1 - two args image + post_condition()':
- self.timeout:			0.33
- self.action:			click
- self.click_target:		btnC.png
- self.post_condition:		CalcApp.png
- self.similarity:		0.7
- self.location:		None
- self.single_key:		


*args in 'CHECK_POST_CONDITION()':
- args[0] = btnC.png
- args[1] = CalcApp.png


**kwargs in 'CHECK_POST_CONDITION()': 
- kwargs: timeout = 0.44


__init__(vars) in 'CHECK_POST_CONDITION()':
- self.timeout:			0.44
- self.action:			click
- self.click_target:		btnC.png
- self.post_condition:		CalcApp.png
- self.similarity:		0.7
- self.location:		None
- self.single_key:		</msg>
<msg level="INFO" timestamp="20150905 13:02:48.256">PASS: Expected post condition (CalcApp.png) met.</msg>
<msg level="INFO" html="yes" timestamp="20150905 13:02:48.256">Source Image &lt;img src="../library_self_test_images/CalcApp.png" /&gt;</msg>
<msg level="INFO" html="yes" timestamp="20150905 13:02:48.256">Best Matches &lt;img src="../results/matches/2015-09-05_13-02-48.png" /&gt;</msg>
<msg level="INFO" timestamp="20150905 13:02:48.257">Matched with score: 0.984847247601
[log] CLICK on L(932,511)@S(0)[0,0 1280x800]</msg>
<msg level="TRACE" timestamp="20150905 13:02:48.263">Return: None</msg>
<status endtime="20150905 13:02:48.264" starttime="20150905 13:02:47.465" status="PASS"></status>
</kw>
<kw library="SikuliXLibrary" name="Click">
<doc>Dokumentation fehlt!!!</doc>
<arguments>
<arg>btn2.png</arg>
<arg>CalcApp.png</arg>
<arg>timeout=0.55</arg>
<arg>similarity=0.88</arg>
</arguments>
<msg level="TRACE" timestamp="20150905 13:02:48.272">Arguments: [ 'btn2.png' | 'CalcApp.png' | timeout='0.55' | similarity='0.88' ]</msg>
<msg level="INFO" timestamp="20150905 13:02:49.035">*args in 'NEW_CLICK:CASE 1 START()':
- args[0] = btn2.png
- args[1] = CalcApp.png


**kwargs in 'NEW_CLICK:CASE 1 START()': 
- kwargs: timeout = 0.55
- kwargs: similarity = 0.88


__init__(vars) in 'NEW_CLICK:CASE 1 START()':
- self.timeout:			0.44
- self.action:			click
- self.click_target:		btnC.png
- self.post_condition:		None
- self.similarity:		0.7
- self.location:		None
- self.single_key:		


*args in 'NEW_CLICK:CASE 1 - one arg is image (.png)()':
- args[0] = btn2.png
- args[1] = CalcApp.png


**kwargs in 'NEW_CLICK:CASE 1 - one arg is image (.png)()': 
- kwargs: timeout = 0.55
- kwargs: similarity = 0.88


__init__(vars) in 'NEW_CLICK:CASE 1 - one arg is image (.png)()':
- self.timeout:			0.44
- self.action:			click
- self.click_target:		btn2.png
- self.post_condition:		None
- self.similarity:		0.7
- self.location:		None
- self.single_key:		


Ein 2. Argument mit dem Wert CalcApp.png wurde uebergeben!!!
*args in 'NEW_CLICK:CASE 1 - two args image + post_condition()':
- args[0] = btn2.png
- args[1] = CalcApp.png


**kwargs in 'NEW_CLICK:CASE 1 - two args image + post_condition()': 
- kwargs: timeout = 0.55
- kwargs: similarity = 0.88


__init__(vars) in 'NEW_CLICK:CASE 1 - two args image + post_condition()':
- self.timeout:			0.44
- self.action:			click
- self.click_target:		btn2.png
- self.post_condition:		CalcApp.png
- self.similarity:		0.7
- self.location:		None
- self.single_key:		


*args in 'CHECK_POST_CONDITION()':
- args[0] = btn2.png
- args[1] = CalcApp.png


**kwargs in 'CHECK_POST_CONDITION()': 
- kwargs: timeout = 0.55
- kwargs: similarity = 0.88


__init__(vars) in 'CHECK_POST_CONDITION()':
- self.timeout:			0.55
- self.action:			click
- self.click_target:		btn2.png
- self.post_condition:		CalcApp.png
- self.similarity:		0.88
- self.location:		None
- self.single_key:		</msg>
<msg level="INFO" timestamp="20150905 13:02:49.036">PASS: Expected post condition (CalcApp.png) met.</msg>
<msg level="INFO" html="yes" timestamp="20150905 13:02:49.037">Source Image &lt;img src="../library_self_test_images/CalcApp.png" /&gt;</msg>
<msg level="INFO" html="yes" timestamp="20150905 13:02:49.037">Best Matches &lt;img src="../results/matches/2015-09-05_13-02-48.png" /&gt;</msg>
<msg level="INFO" timestamp="20150905 13:02:49.037">Matched with score: 0.984847247601
[log] CLICK on L(893,607)@S(0)[0,0 1280x800]</msg>
<msg level="TRACE" timestamp="20150905 13:02:49.042">Return: None</msg>
<status endtime="20150905 13:02:49.044" starttime="20150905 13:02:48.268" status="PASS"></status>
</kw>
<tags>
<tag>click</tag>
</tags>
<status critical="yes" endtime="20150905 13:02:49.048" starttime="20150905 13:02:42.656" status="PASS"></status>
</test>
<test name="Click Location (location=value,value)" id="s1-t5">
<kw type="setup" name="Start Calculator and Focus it's window">
<msg level="TRACE" timestamp="20150905 13:02:49.063">Arguments: [  ]</msg>
<kw library="SikuliXLibrary" name="Start App">
<msg level="TRACE" timestamp="20150905 13:02:49.067">Arguments: [  ]</msg>
<msg level="INFO" timestamp="20150905 13:02:50.072">[log] App.focus Rechner(0) #0</msg>
<msg level="TRACE" timestamp="20150905 13:02:50.073">Return: None</msg>
<status endtime="20150905 13:02:50.075" starttime="20150905 13:02:49.066" status="PASS"></status>
</kw>
<kw library="SikuliXLibrary" name="Verify App">
<msg level="TRACE" timestamp="20150905 13:02:50.078">Arguments: [  ]</msg>
<msg level="INFO" timestamp="20150905 13:02:50.285">PASS: Calculator window appeared</msg>
<msg level="INFO" html="yes" timestamp="20150905 13:02:50.285">Source Image &lt;img src="../library_self_test_images/CalcApp.png" /&gt;</msg>
<msg level="INFO" html="yes" timestamp="20150905 13:02:50.286">Best Matches &lt;img src="../results/matches/2015-09-05_13-02-50.png" /&gt;</msg>
<msg level="INFO" timestamp="20150905 13:02:50.286">Matched with score: 0.984847247601</msg>
<msg level="TRACE" timestamp="20150905 13:02:50.290">Return: None</msg>
<status endtime="20150905 13:02:50.291" starttime="20150905 13:02:50.077" status="PASS"></status>
</kw>
<kw library="SikuliXLibrary" name="Click">
<doc>Dokumentation fehlt!!!</doc>
<arguments>
<arg>btnC.png</arg>
</arguments>
<msg level="TRACE" timestamp="20150905 13:02:50.296">Arguments: [ 'btnC.png' ]</msg>
<msg level="INFO" timestamp="20150905 13:02:50.862">*args in 'NEW_CLICK:CASE 1 START()':
- args[0] = btnC.png


**kwargs in 'NEW_CLICK:CASE 1 START()': 


__init__(vars) in 'NEW_CLICK:CASE 1 START()':
- self.timeout:			0.55
- self.action:			click
- self.click_target:		btn2.png
- self.post_condition:		None
- self.similarity:		0.7
- self.location:		None
- self.single_key:		


*args in 'NEW_CLICK:CASE 1 - one arg is image (.png)()':
- args[0] = btnC.png


**kwargs in 'NEW_CLICK:CASE 1 - one arg is image (.png)()': 


__init__(vars) in 'NEW_CLICK:CASE 1 - one arg is image (.png)()':
- self.timeout:			0.55
- self.action:			click
- self.click_target:		btnC.png
- self.post_condition:		None
- self.similarity:		0.7
- self.location:		None
- self.single_key:		


*args in 'CHECK_POST_CONDITION()':
- args[0] = btnC.png


**kwargs in 'CHECK_POST_CONDITION()': 


__init__(vars) in 'CHECK_POST_CONDITION()':
- self.timeout:			0.55
- self.action:			click
- self.click_target:		btnC.png
- self.post_condition:		None
- self.similarity:		0.7
- self.location:		None
- self.single_key:		</msg>
<msg level="INFO" timestamp="20150905 13:02:50.862">PASS: Action performed without post condition check.
[log] CLICK on L(932,511)@S(0)[0,0 1280x800]</msg>
<msg level="TRACE" timestamp="20150905 13:02:50.866">Return: None</msg>
<status endtime="20150905 13:02:50.867" starttime="20150905 13:02:50.293" status="PASS"></status>
</kw>
<msg level="TRACE" timestamp="20150905 13:02:50.870">Return: None</msg>
<status endtime="20150905 13:02:50.873" starttime="20150905 13:02:49.060" status="PASS"></status>
</kw>
<kw library="SikuliXLibrary" name="Click">
<doc>Dokumentation fehlt!!!</doc>
<arguments>
<arg>location=0,0</arg>
</arguments>
<msg level="TRACE" timestamp="20150905 13:02:50.879">Arguments: [ location='0,0' ]</msg>
<msg level="INFO" timestamp="20150905 13:02:51.420">*args in 'NEW_CLICK:START CASE 3()':


**kwargs in 'NEW_CLICK:START CASE 3()': 
- kwargs: location = 0,0


__init__(vars) in 'NEW_CLICK:START CASE 3()':
- self.timeout:			0.55
- self.action:			click
- self.click_target:		btnC.png
- self.post_condition:		None
- self.similarity:		0.7
- self.location:		None
- self.single_key:		


0,0
[u'0', u'0']
L(0,0)@S(0)[0,0 1280x800]
*args in 'NEW_CLICK:CASE 3 - location=x,y()':


**kwargs in 'NEW_CLICK:CASE 3 - location=x,y()': 
- kwargs: location = 0,0


__init__(vars) in 'NEW_CLICK:CASE 3 - location=x,y()':
- self.timeout:			0.55
- self.action:			click
- self.click_target:		L(0,0)@S(0)[0,0 1280x800]
- self.post_condition:		None
- self.similarity:		0.7
- self.location:		None
- self.single_key:		


*args in 'CHECK_POST_CONDITION()':


**kwargs in 'CHECK_POST_CONDITION()': 
- kwargs: location = 0,0


__init__(vars) in 'CHECK_POST_CONDITION()':
- self.timeout:			0.55
- self.action:			click
- self.click_target:		L(0,0)@S(0)[0,0 1280x800]
- self.post_condition:		None
- self.similarity:		0.7
- self.location:		None
- self.single_key:		</msg>
<msg level="INFO" timestamp="20150905 13:02:51.421">PASS: Action performed without post condition check.
[log] CLICK on L(0,0)@S(0)[0,0 1280x800]</msg>
<msg level="TRACE" timestamp="20150905 13:02:51.424">Return: None</msg>
<status endtime="20150905 13:02:51.425" starttime="20150905 13:02:50.876" status="PASS"></status>
</kw>
<kw library="SikuliXLibrary" name="Click">
<doc>Dokumentation fehlt!!!</doc>
<arguments>
<arg>location=0,1</arg>
</arguments>
<msg level="TRACE" timestamp="20150905 13:02:51.431">Arguments: [ location='0,1' ]</msg>
<msg level="INFO" timestamp="20150905 13:02:51.978">*args in 'NEW_CLICK:START CASE 3()':


**kwargs in 'NEW_CLICK:START CASE 3()': 
- kwargs: location = 0,1


__init__(vars) in 'NEW_CLICK:START CASE 3()':
- self.timeout:			0.55
- self.action:			click
- self.click_target:		L(0,0)@S(0)[0,0 1280x800]
- self.post_condition:		None
- self.similarity:		0.7
- self.location:		None
- self.single_key:		


0,1
[u'0', u'1']
L(0,1)@S(0)[0,0 1280x800]
*args in 'NEW_CLICK:CASE 3 - location=x,y()':


**kwargs in 'NEW_CLICK:CASE 3 - location=x,y()': 
- kwargs: location = 0,1


__init__(vars) in 'NEW_CLICK:CASE 3 - location=x,y()':
- self.timeout:			0.55
- self.action:			click
- self.click_target:		L(0,1)@S(0)[0,0 1280x800]
- self.post_condition:		None
- self.similarity:		0.7
- self.location:		None
- self.single_key:		


*args in 'CHECK_POST_CONDITION()':


**kwargs in 'CHECK_POST_CONDITION()': 
- kwargs: location = 0,1


__init__(vars) in 'CHECK_POST_CONDITION()':
- self.timeout:			0.55
- self.action:			click
- self.click_target:		L(0,1)@S(0)[0,0 1280x800]
- self.post_condition:		None
- self.similarity:		0.7
- self.location:		None
- self.single_key:		</msg>
<msg level="INFO" timestamp="20150905 13:02:51.979">PASS: Action performed without post condition check.
[log] CLICK on L(0,1)@S(0)[0,0 1280x800]</msg>
<msg level="TRACE" timestamp="20150905 13:02:51.981">Return: None</msg>
<status endtime="20150905 13:02:51.982" starttime="20150905 13:02:51.428" status="PASS"></status>
</kw>
<kw library="SikuliXLibrary" name="Click">
<doc>Dokumentation fehlt!!!</doc>
<arguments>
<arg>location=100,101</arg>
</arguments>
<msg level="TRACE" timestamp="20150905 13:02:51.988">Arguments: [ location='100,101' ]</msg>
<msg level="INFO" timestamp="20150905 13:02:52.526">*args in 'NEW_CLICK:START CASE 3()':


**kwargs in 'NEW_CLICK:START CASE 3()': 
- kwargs: location = 100,101


__init__(vars) in 'NEW_CLICK:START CASE 3()':
- self.timeout:			0.55
- self.action:			click
- self.click_target:		L(0,1)@S(0)[0,0 1280x800]
- self.post_condition:		None
- self.similarity:		0.7
- self.location:		None
- self.single_key:		


100,101
[u'100', u'101']
L(100,101)@S(0)[0,0 1280x800]
*args in 'NEW_CLICK:CASE 3 - location=x,y()':


**kwargs in 'NEW_CLICK:CASE 3 - location=x,y()': 
- kwargs: location = 100,101


__init__(vars) in 'NEW_CLICK:CASE 3 - location=x,y()':
- self.timeout:			0.55
- self.action:			click
- self.click_target:		L(100,101)@S(0)[0,0 1280x800]
- self.post_condition:		None
- self.similarity:		0.7
- self.location:		None
- self.single_key:		


*args in 'CHECK_POST_CONDITION()':


**kwargs in 'CHECK_POST_CONDITION()': 
- kwargs: location = 100,101


__init__(vars) in 'CHECK_POST_CONDITION()':
- self.timeout:			0.55
- self.action:			click
- self.click_target:		L(100,101)@S(0)[0,0 1280x800]
- self.post_condition:		None
- self.similarity:		0.7
- self.location:		None
- self.single_key:		</msg>
<msg level="INFO" timestamp="20150905 13:02:52.527">PASS: Action performed without post condition check.
[log] CLICK on L(100,101)@S(0)[0,0 1280x800]</msg>
<msg level="TRACE" timestamp="20150905 13:02:52.529">Return: None</msg>
<status endtime="20150905 13:02:52.530" starttime="20150905 13:02:51.985" status="PASS"></status>
</kw>
<kw library="SikuliXLibrary" name="Click">
<doc>Dokumentation fehlt!!!</doc>
<arguments>
<arg>location=111, 112</arg>
</arguments>
<msg level="TRACE" timestamp="20150905 13:02:52.536">Arguments: [ location='111, 112' ]</msg>
<msg level="INFO" timestamp="20150905 13:02:53.082">*args in 'NEW_CLICK:START CASE 3()':


**kwargs in 'NEW_CLICK:START CASE 3()': 
- kwargs: location = 111, 112


__init__(vars) in 'NEW_CLICK:START CASE 3()':
- self.timeout:			0.55
- self.action:			click
- self.click_target:		L(100,101)@S(0)[0,0 1280x800]
- self.post_condition:		None
- self.similarity:		0.7
- self.location:		None
- self.single_key:		


111, 112
[u'111', u' 112']
L(111,112)@S(0)[0,0 1280x800]
*args in 'NEW_CLICK:CASE 3 - location=x,y()':


**kwargs in 'NEW_CLICK:CASE 3 - location=x,y()': 
- kwargs: location = 111, 112


__init__(vars) in 'NEW_CLICK:CASE 3 - location=x,y()':
- self.timeout:			0.55
- self.action:			click
- self.click_target:		L(111,112)@S(0)[0,0 1280x800]
- self.post_condition:		None
- self.similarity:		0.7
- self.location:		None
- self.single_key:		


*args in 'CHECK_POST_CONDITION()':


**kwargs in 'CHECK_POST_CONDITION()': 
- kwargs: location = 111, 112


__init__(vars) in 'CHECK_POST_CONDITION()':
- self.timeout:			0.55
- self.action:			click
- self.click_target:		L(111,112)@S(0)[0,0 1280x800]
- self.post_condition:		None
- self.similarity:		0.7
- self.location:		None
- self.single_key:		</msg>
<msg level="INFO" timestamp="20150905 13:02:53.083">PASS: Action performed without post condition check.
[log] CLICK on L(111,112)@S(0)[0,0 1280x800]</msg>
<msg level="TRACE" timestamp="20150905 13:02:53.085">Return: None</msg>
<status endtime="20150905 13:02:53.086" starttime="20150905 13:02:52.533" status="PASS"></status>
</kw>
<tags>
<tag>click</tag>
</tags>
<status critical="yes" endtime="20150905 13:02:53.090" starttime="20150905 13:02:49.053" status="PASS"></status>
</test>
<test name="Click Location (xy=value,value)" id="s1-t6">
<kw type="setup" name="Start Calculator and Focus it's window">
<msg level="TRACE" timestamp="20150905 13:02:53.105">Arguments: [  ]</msg>
<kw library="SikuliXLibrary" name="Start App">
<msg level="TRACE" timestamp="20150905 13:02:53.109">Arguments: [  ]</msg>
<msg level="INFO" timestamp="20150905 13:02:54.112">[log] App.focus Rechner(0) #0</msg>
<msg level="TRACE" timestamp="20150905 13:02:54.114">Return: None</msg>
<status endtime="20150905 13:02:54.115" starttime="20150905 13:02:53.107" status="PASS"></status>
</kw>
<kw library="SikuliXLibrary" name="Verify App">
<msg level="TRACE" timestamp="20150905 13:02:54.119">Arguments: [  ]</msg>
<msg level="INFO" timestamp="20150905 13:02:54.335">PASS: Calculator window appeared</msg>
<msg level="INFO" html="yes" timestamp="20150905 13:02:54.335">Source Image &lt;img src="../library_self_test_images/CalcApp.png" /&gt;</msg>
<msg level="INFO" html="yes" timestamp="20150905 13:02:54.335">Best Matches &lt;img src="../results/matches/2015-09-05_13-02-54.png" /&gt;</msg>
<msg level="INFO" timestamp="20150905 13:02:54.336">Matched with score: 0.997419118881</msg>
<msg level="TRACE" timestamp="20150905 13:02:54.339">Return: None</msg>
<status endtime="20150905 13:02:54.340" starttime="20150905 13:02:54.118" status="PASS"></status>
</kw>
<kw library="SikuliXLibrary" name="Click">
<doc>Dokumentation fehlt!!!</doc>
<arguments>
<arg>btnC.png</arg>
</arguments>
<msg level="TRACE" timestamp="20150905 13:02:54.346">Arguments: [ 'btnC.png' ]</msg>
<msg level="INFO" timestamp="20150905 13:02:54.895">*args in 'NEW_CLICK:CASE 1 START()':
- args[0] = btnC.png


**kwargs in 'NEW_CLICK:CASE 1 START()': 


__init__(vars) in 'NEW_CLICK:CASE 1 START()':
- self.timeout:			0.55
- self.action:			click
- self.click_target:		L(111,112)@S(0)[0,0 1280x800]
- self.post_condition:		None
- self.similarity:		0.7
- self.location:		None
- self.single_key:		


*args in 'NEW_CLICK:CASE 1 - one arg is image (.png)()':
- args[0] = btnC.png


**kwargs in 'NEW_CLICK:CASE 1 - one arg is image (.png)()': 


__init__(vars) in 'NEW_CLICK:CASE 1 - one arg is image (.png)()':
- self.timeout:			0.55
- self.action:			click
- self.click_target:		btnC.png
- self.post_condition:		None
- self.similarity:		0.7
- self.location:		None
- self.single_key:		


*args in 'CHECK_POST_CONDITION()':
- args[0] = btnC.png


**kwargs in 'CHECK_POST_CONDITION()': 


__init__(vars) in 'CHECK_POST_CONDITION()':
- self.timeout:			0.55
- self.action:			click
- self.click_target:		btnC.png
- self.post_condition:		None
- self.similarity:		0.7
- self.location:		None
- self.single_key:		</msg>
<msg level="INFO" timestamp="20150905 13:02:54.895">PASS: Action performed without post condition check.
[log] CLICK on L(932,511)@S(0)[0,0 1280x800]</msg>
<msg level="TRACE" timestamp="20150905 13:02:54.898">Return: None</msg>
<status endtime="20150905 13:02:54.899" starttime="20150905 13:02:54.343" status="PASS"></status>
</kw>
<msg level="TRACE" timestamp="20150905 13:02:54.901">Return: None</msg>
<status endtime="20150905 13:02:54.902" starttime="20150905 13:02:53.102" status="PASS"></status>
</kw>
<kw library="SikuliXLibrary" name="Click">
<doc>Dokumentation fehlt!!!</doc>
<arguments>
<arg>xy=0,0</arg>
</arguments>
<msg level="TRACE" timestamp="20150905 13:02:54.908">Arguments: [ xy='0,0' ]</msg>
<msg level="INFO" timestamp="20150905 13:02:55.447">*args in 'NEW_CLICK:START CASE 3()':


**kwargs in 'NEW_CLICK:START CASE 3()': 
- kwargs: xy = 0,0


__init__(vars) in 'NEW_CLICK:START CASE 3()':
- self.timeout:			0.55
- self.action:			click
- self.click_target:		btnC.png
- self.post_condition:		None
- self.similarity:		0.7
- self.location:		None
- self.single_key:		


*args in 'NEW_CLICK:CASE 3 - xy=x,y()':


**kwargs in 'NEW_CLICK:CASE 3 - xy=x,y()': 
- kwargs: xy = 0,0


__init__(vars) in 'NEW_CLICK:CASE 3 - xy=x,y()':
- self.timeout:			0.55
- self.action:			click
- self.click_target:		L(0,0)@S(0)[0,0 1280x800]
- self.post_condition:		None
- self.similarity:		0.7
- self.location:		None
- self.single_key:		


*args in 'CHECK_POST_CONDITION()':


**kwargs in 'CHECK_POST_CONDITION()': 
- kwargs: xy = 0,0


__init__(vars) in 'CHECK_POST_CONDITION()':
- self.timeout:			0.55
- self.action:			click
- self.click_target:		L(0,0)@S(0)[0,0 1280x800]
- self.post_condition:		None
- self.similarity:		0.7
- self.location:		None
- self.single_key:		</msg>
<msg level="INFO" timestamp="20150905 13:02:55.448">PASS: Action performed without post condition check.
[log] CLICK on L(0,0)@S(0)[0,0 1280x800]</msg>
<msg level="TRACE" timestamp="20150905 13:02:55.450">Return: None</msg>
<status endtime="20150905 13:02:55.451" starttime="20150905 13:02:54.905" status="PASS"></status>
</kw>
<kw library="SikuliXLibrary" name="Click">
<doc>Dokumentation fehlt!!!</doc>
<arguments>
<arg>xy=333,334</arg>
</arguments>
<msg level="TRACE" timestamp="20150905 13:02:55.458">Arguments: [ xy='333,334' ]</msg>
<msg level="INFO" timestamp="20150905 13:02:55.997">*args in 'NEW_CLICK:START CASE 3()':


**kwargs in 'NEW_CLICK:START CASE 3()': 
- kwargs: xy = 333,334


__init__(vars) in 'NEW_CLICK:START CASE 3()':
- self.timeout:			0.55
- self.action:			click
- self.click_target:		L(0,0)@S(0)[0,0 1280x800]
- self.post_condition:		None
- self.similarity:		0.7
- self.location:		None
- self.single_key:		


*args in 'NEW_CLICK:CASE 3 - xy=x,y()':


**kwargs in 'NEW_CLICK:CASE 3 - xy=x,y()': 
- kwargs: xy = 333,334


__init__(vars) in 'NEW_CLICK:CASE 3 - xy=x,y()':
- self.timeout:			0.55
- self.action:			click
- self.click_target:		L(333,334)@S(0)[0,0 1280x800]
- self.post_condition:		None
- self.similarity:		0.7
- self.location:		None
- self.single_key:		


*args in 'CHECK_POST_CONDITION()':


**kwargs in 'CHECK_POST_CONDITION()': 
- kwargs: xy = 333,334


__init__(vars) in 'CHECK_POST_CONDITION()':
- self.timeout:			0.55
- self.action:			click
- self.click_target:		L(333,334)@S(0)[0,0 1280x800]
- self.post_condition:		None
- self.similarity:		0.7
- self.location:		None
- self.single_key:		</msg>
<msg level="INFO" timestamp="20150905 13:02:55.997">PASS: Action performed without post condition check.
[log] CLICK on L(333,334)@S(0)[0,0 1280x800]</msg>
<msg level="TRACE" timestamp="20150905 13:02:55.999">Return: None</msg>
<status endtime="20150905 13:02:56.001" starttime="20150905 13:02:55.455" status="PASS"></status>
</kw>
<kw library="SikuliXLibrary" name="Click">
<doc>Dokumentation fehlt!!!</doc>
<arguments>
<arg>xy=444, 445</arg>
</arguments>
<msg level="TRACE" timestamp="20150905 13:02:56.007">Arguments: [ xy='444, 445' ]</msg>
<msg level="INFO" timestamp="20150905 13:02:56.553">*args in 'NEW_CLICK:START CASE 3()':


**kwargs in 'NEW_CLICK:START CASE 3()': 
- kwargs: xy = 444, 445


__init__(vars) in 'NEW_CLICK:START CASE 3()':
- self.timeout:			0.55
- self.action:			click
- self.click_target:		L(333,334)@S(0)[0,0 1280x800]
- self.post_condition:		None
- self.similarity:		0.7
- self.location:		None
- self.single_key:		


*args in 'NEW_CLICK:CASE 3 - xy=x,y()':


**kwargs in 'NEW_CLICK:CASE 3 - xy=x,y()': 
- kwargs: xy = 444, 445


__init__(vars) in 'NEW_CLICK:CASE 3 - xy=x,y()':
- self.timeout:			0.55
- self.action:			click
- self.click_target:		L(444,445)@S(0)[0,0 1280x800]
- self.post_condition:		None
- self.similarity:		0.7
- self.location:		None
- self.single_key:		


*args in 'CHECK_POST_CONDITION()':


**kwargs in 'CHECK_POST_CONDITION()': 
- kwargs: xy = 444, 445


__init__(vars) in 'CHECK_POST_CONDITION()':
- self.timeout:			0.55
- self.action:			click
- self.click_target:		L(444,445)@S(0)[0,0 1280x800]
- self.post_condition:		None
- self.similarity:		0.7
- self.location:		None
- self.single_key:		</msg>
<msg level="INFO" timestamp="20150905 13:02:56.553">PASS: Action performed without post condition check.
[log] CLICK on L(444,445)@S(0)[0,0 1280x800]</msg>
<msg level="TRACE" timestamp="20150905 13:02:56.556">Return: None</msg>
<status endtime="20150905 13:02:56.557" starttime="20150905 13:02:56.004" status="PASS"></status>
</kw>
<tags>
<tag>click</tag>
</tags>
<status critical="yes" endtime="20150905 13:02:56.559" starttime="20150905 13:02:53.095" status="PASS"></status>
</test>
<test name="Click Location (x=value y=value)" id="s1-t7">
<kw type="setup" name="Start Calculator and Focus it's window">
<msg level="TRACE" timestamp="20150905 13:02:56.574">Arguments: [  ]</msg>
<kw library="SikuliXLibrary" name="Start App">
<msg level="TRACE" timestamp="20150905 13:02:56.578">Arguments: [  ]</msg>
<msg level="INFO" timestamp="20150905 13:02:57.581">[log] App.focus Rechner(0) #0</msg>
<msg level="TRACE" timestamp="20150905 13:02:57.583">Return: None</msg>
<status endtime="20150905 13:02:57.584" starttime="20150905 13:02:56.576" status="PASS"></status>
</kw>
<kw library="SikuliXLibrary" name="Verify App">
<msg level="TRACE" timestamp="20150905 13:02:57.588">Arguments: [  ]</msg>
<msg level="INFO" timestamp="20150905 13:02:57.801">PASS: Calculator window appeared</msg>
<msg level="INFO" html="yes" timestamp="20150905 13:02:57.802">Source Image &lt;img src="../library_self_test_images/CalcApp.png" /&gt;</msg>
<msg level="INFO" html="yes" timestamp="20150905 13:02:57.802">Best Matches &lt;img src="../results/matches/2015-09-05_13-02-57.png" /&gt;</msg>
<msg level="INFO" timestamp="20150905 13:02:57.802">Matched with score: 0.997419118881</msg>
<msg level="TRACE" timestamp="20150905 13:02:57.806">Return: None</msg>
<status endtime="20150905 13:02:57.807" starttime="20150905 13:02:57.587" status="PASS"></status>
</kw>
<kw library="SikuliXLibrary" name="Click">
<doc>Dokumentation fehlt!!!</doc>
<arguments>
<arg>btnC.png</arg>
</arguments>
<msg level="TRACE" timestamp="20150905 13:02:57.833">Arguments: [ 'btnC.png' ]</msg>
<msg level="INFO" timestamp="20150905 13:02:58.401">*args in 'NEW_CLICK:CASE 1 START()':
- args[0] = btnC.png


**kwargs in 'NEW_CLICK:CASE 1 START()': 


__init__(vars) in 'NEW_CLICK:CASE 1 START()':
- self.timeout:			0.55
- self.action:			click
- self.click_target:		L(444,445)@S(0)[0,0 1280x800]
- self.post_condition:		None
- self.similarity:		0.7
- self.location:		None
- self.single_key:		


*args in 'NEW_CLICK:CASE 1 - one arg is image (.png)()':
- args[0] = btnC.png


**kwargs in 'NEW_CLICK:CASE 1 - one arg is image (.png)()': 


__init__(vars) in 'NEW_CLICK:CASE 1 - one arg is image (.png)()':
- self.timeout:			0.55
- self.action:			click
- self.click_target:		btnC.png
- self.post_condition:		None
- self.similarity:		0.7
- self.location:		None
- self.single_key:		


*args in 'CHECK_POST_CONDITION()':
- args[0] = btnC.png


**kwargs in 'CHECK_POST_CONDITION()': 


__init__(vars) in 'CHECK_POST_CONDITION()':
- self.timeout:			0.55
- self.action:			click
- self.click_target:		btnC.png
- self.post_condition:		None
- self.similarity:		0.7
- self.location:		None
- self.single_key:		</msg>
<msg level="INFO" timestamp="20150905 13:02:58.402">PASS: Action performed without post condition check.
[log] CLICK on L(932,511)@S(0)[0,0 1280x800]</msg>
<msg level="TRACE" timestamp="20150905 13:02:58.404">Return: None</msg>
<status endtime="20150905 13:02:58.406" starttime="20150905 13:02:57.810" status="PASS"></status>
</kw>
<msg level="TRACE" timestamp="20150905 13:02:58.409">Return: None</msg>
<status endtime="20150905 13:02:58.411" starttime="20150905 13:02:56.571" status="PASS"></status>
</kw>
<kw library="SikuliXLibrary" name="Click">
<doc>Dokumentation fehlt!!!</doc>
<arguments>
<arg>x=0</arg>
<arg>y=0</arg>
</arguments>
<msg level="TRACE" timestamp="20150905 13:02:58.418">Arguments: [ x='0' | y='0' ]</msg>
<msg level="INFO" timestamp="20150905 13:02:58.965">*args in 'NEW_CLICK:START CASE 3()':


**kwargs in 'NEW_CLICK:START CASE 3()': 
- kwargs: x = 0
- kwargs: y = 0


__init__(vars) in 'NEW_CLICK:START CASE 3()':
- self.timeout:			0.55
- self.action:			click
- self.click_target:		btnC.png
- self.post_condition:		None
- self.similarity:		0.7
- self.location:		None
- self.single_key:		


*args in 'NEW_CLICK:CASE 3 - x=x  y=y()':


**kwargs in 'NEW_CLICK:CASE 3 - x=x  y=y()': 
- kwargs: x = 0
- kwargs: y = 0


__init__(vars) in 'NEW_CLICK:CASE 3 - x=x  y=y()':
- self.timeout:			0.55
- self.action:			click
- self.click_target:		L(0,0)@S(0)[0,0 1280x800]
- self.post_condition:		None
- self.similarity:		0.7
- self.location:		None
- self.single_key:		


*args in 'CHECK_POST_CONDITION()':


**kwargs in 'CHECK_POST_CONDITION()': 
- kwargs: x = 0
- kwargs: y = 0


__init__(vars) in 'CHECK_POST_CONDITION()':
- self.timeout:			0.55
- self.action:			click
- self.click_target:		L(0,0)@S(0)[0,0 1280x800]
- self.post_condition:		None
- self.similarity:		0.7
- self.location:		None
- self.single_key:		</msg>
<msg level="INFO" timestamp="20150905 13:02:58.965">PASS: Action performed without post condition check.
[log] CLICK on L(0,0)@S(0)[0,0 1280x800]</msg>
<msg level="TRACE" timestamp="20150905 13:02:58.968">Return: None</msg>
<status endtime="20150905 13:02:58.969" starttime="20150905 13:02:58.414" status="PASS"></status>
</kw>
<kw library="SikuliXLibrary" name="Click">
<doc>Dokumentation fehlt!!!</doc>
<arguments>
<arg>x=222</arg>
<arg>y=223</arg>
</arguments>
<msg level="TRACE" timestamp="20150905 13:02:58.975">Arguments: [ x='222' | y='223' ]</msg>
<msg level="INFO" timestamp="20150905 13:02:59.522">*args in 'NEW_CLICK:START CASE 3()':


**kwargs in 'NEW_CLICK:START CASE 3()': 
- kwargs: x = 222
- kwargs: y = 223


__init__(vars) in 'NEW_CLICK:START CASE 3()':
- self.timeout:			0.55
- self.action:			click
- self.click_target:		L(0,0)@S(0)[0,0 1280x800]
- self.post_condition:		None
- self.similarity:		0.7
- self.location:		None
- self.single_key:		


*args in 'NEW_CLICK:CASE 3 - x=x  y=y()':


**kwargs in 'NEW_CLICK:CASE 3 - x=x  y=y()': 
- kwargs: x = 222
- kwargs: y = 223


__init__(vars) in 'NEW_CLICK:CASE 3 - x=x  y=y()':
- self.timeout:			0.55
- self.action:			click
- self.click_target:		L(222,223)@S(0)[0,0 1280x800]
- self.post_condition:		None
- self.similarity:		0.7
- self.location:		None
- self.single_key:		


*args in 'CHECK_POST_CONDITION()':


**kwargs in 'CHECK_POST_CONDITION()': 
- kwargs: x = 222
- kwargs: y = 223


__init__(vars) in 'CHECK_POST_CONDITION()':
- self.timeout:			0.55
- self.action:			click
- self.click_target:		L(222,223)@S(0)[0,0 1280x800]
- self.post_condition:		None
- self.similarity:		0.7
- self.location:		None
- self.single_key:		</msg>
<msg level="INFO" timestamp="20150905 13:02:59.523">PASS: Action performed without post condition check.
[log] CLICK on L(222,223)@S(0)[0,0 1280x800]</msg>
<msg level="TRACE" timestamp="20150905 13:02:59.525">Return: None</msg>
<status endtime="20150905 13:02:59.526" starttime="20150905 13:02:58.972" status="PASS"></status>
</kw>
<tags>
<tag>click</tag>
</tags>
<status critical="yes" endtime="20150905 13:02:59.530" starttime="20150905 13:02:56.564" status="PASS"></status>
</test>
<test name="Click Elements in Sequence" id="s1-t8">
<kw type="setup" name="Start Calculator and Focus it's window">
<msg level="TRACE" timestamp="20150905 13:02:59.545">Arguments: [  ]</msg>
<kw library="SikuliXLibrary" name="Start App">
<msg level="TRACE" timestamp="20150905 13:02:59.549">Arguments: [  ]</msg>
<msg level="INFO" timestamp="20150905 13:03:00.552">[log] App.focus Rechner(0) #0</msg>
<msg level="TRACE" timestamp="20150905 13:03:00.554">Return: None</msg>
<status endtime="20150905 13:03:00.555" starttime="20150905 13:02:59.547" status="PASS"></status>
</kw>
<kw library="SikuliXLibrary" name="Verify App">
<msg level="TRACE" timestamp="20150905 13:03:00.559">Arguments: [  ]</msg>
<msg level="INFO" timestamp="20150905 13:03:00.768">PASS: Calculator window appeared</msg>
<msg level="INFO" html="yes" timestamp="20150905 13:03:00.768">Source Image &lt;img src="../library_self_test_images/CalcApp.png" /&gt;</msg>
<msg level="INFO" html="yes" timestamp="20150905 13:03:00.769">Best Matches &lt;img src="../results/matches/2015-09-05_13-03-00.png" /&gt;</msg>
<msg level="INFO" timestamp="20150905 13:03:00.769">Matched with score: 0.997419118881</msg>
<msg level="TRACE" timestamp="20150905 13:03:00.772">Return: None</msg>
<status endtime="20150905 13:03:00.773" starttime="20150905 13:03:00.558" status="PASS"></status>
</kw>
<kw library="SikuliXLibrary" name="Click">
<doc>Dokumentation fehlt!!!</doc>
<arguments>
<arg>btnC.png</arg>
</arguments>
<msg level="TRACE" timestamp="20150905 13:03:00.778">Arguments: [ 'btnC.png' ]</msg>
<msg level="INFO" timestamp="20150905 13:03:01.335">*args in 'NEW_CLICK:CASE 1 START()':
- args[0] = btnC.png


**kwargs in 'NEW_CLICK:CASE 1 START()': 


__init__(vars) in 'NEW_CLICK:CASE 1 START()':
- self.timeout:			0.55
- self.action:			click
- self.click_target:		L(222,223)@S(0)[0,0 1280x800]
- self.post_condition:		None
- self.similarity:		0.7
- self.location:		None
- self.single_key:		


*args in 'NEW_CLICK:CASE 1 - one arg is image (.png)()':
- args[0] = btnC.png


**kwargs in 'NEW_CLICK:CASE 1 - one arg is image (.png)()': 


__init__(vars) in 'NEW_CLICK:CASE 1 - one arg is image (.png)()':
- self.timeout:			0.55
- self.action:			click
- self.click_target:		btnC.png
- self.post_condition:		None
- self.similarity:		0.7
- self.location:		None
- self.single_key:		


*args in 'CHECK_POST_CONDITION()':
- args[0] = btnC.png


**kwargs in 'CHECK_POST_CONDITION()': 


__init__(vars) in 'CHECK_POST_CONDITION()':
- self.timeout:			0.55
- self.action:			click
- self.click_target:		btnC.png
- self.post_condition:		None
- self.similarity:		0.7
- self.location:		None
- self.single_key:		</msg>
<msg level="INFO" timestamp="20150905 13:03:01.335">PASS: Action performed without post condition check.
[log] CLICK on L(932,511)@S(0)[0,0 1280x800]</msg>
<msg level="TRACE" timestamp="20150905 13:03:01.338">Return: None</msg>
<status endtime="20150905 13:03:01.339" starttime="20150905 13:03:00.776" status="PASS"></status>
</kw>
<msg level="TRACE" timestamp="20150905 13:03:01.340">Return: None</msg>
<status endtime="20150905 13:03:01.342" starttime="20150905 13:02:59.541" status="PASS"></status>
</kw>
<kw library="SikuliXLibrary" name="Click">
<doc>Dokumentation fehlt!!!</doc>
<arguments>
<arg>btnPlus.png</arg>
</arguments>
<msg level="TRACE" timestamp="20150905 13:03:01.347">Arguments: [ 'btnPlus.png' ]</msg>
<msg level="INFO" timestamp="20150905 13:03:02.539">*args in 'NEW_CLICK:CASE 1 START()':
- args[0] = btnPlus.png


**kwargs in 'NEW_CLICK:CASE 1 START()': 


__init__(vars) in 'NEW_CLICK:CASE 1 START()':
- self.timeout:			0.55
- self.action:			click
- self.click_target:		btnC.png
- self.post_condition:		None
- self.similarity:		0.7
- self.location:		None
- self.single_key:		


*args in 'NEW_CLICK:CASE 1 - one arg is image (.png)()':
- args[0] = btnPlus.png


**kwargs in 'NEW_CLICK:CASE 1 - one arg is image (.png)()': 


__init__(vars) in 'NEW_CLICK:CASE 1 - one arg is image (.png)()':
- self.timeout:			0.55
- self.action:			click
- self.click_target:		btnPlus.png
- self.post_condition:		None
- self.similarity:		0.7
- self.location:		None
- self.single_key:		


*args in 'CHECK_POST_CONDITION()':
- args[0] = btnPlus.png


**kwargs in 'CHECK_POST_CONDITION()': 


__init__(vars) in 'CHECK_POST_CONDITION()':
- self.timeout:			0.55
- self.action:			click
- self.click_target:		btnPlus.png
- self.post_condition:		None
- self.similarity:		0.7
- self.location:		None
- self.single_key:		</msg>
<msg level="INFO" timestamp="20150905 13:03:02.540">PASS: Action performed without post condition check.
[log] CLICK on L(971,639)@S(0)[0,0 1280x800]</msg>
<msg level="TRACE" timestamp="20150905 13:03:02.543">Return: None</msg>
<status endtime="20150905 13:03:02.544" starttime="20150905 13:03:01.345" status="PASS"></status>
</kw>
<kw library="SikuliXLibrary" name="Click">
<doc>Dokumentation fehlt!!!</doc>
<arguments>
<arg>btn2.png</arg>
</arguments>
<msg level="TRACE" timestamp="20150905 13:03:02.550">Arguments: [ 'btn2.png' ]</msg>
<msg level="INFO" timestamp="20150905 13:03:03.108">*args in 'NEW_CLICK:CASE 1 START()':
- args[0] = btn2.png


**kwargs in 'NEW_CLICK:CASE 1 START()': 


__init__(vars) in 'NEW_CLICK:CASE 1 START()':
- self.timeout:			0.55
- self.action:			click
- self.click_target:		btnPlus.png
- self.post_condition:		None
- self.similarity:		0.7
- self.location:		None
- self.single_key:		


*args in 'NEW_CLICK:CASE 1 - one arg is image (.png)()':
- args[0] = btn2.png


**kwargs in 'NEW_CLICK:CASE 1 - one arg is image (.png)()': 


__init__(vars) in 'NEW_CLICK:CASE 1 - one arg is image (.png)()':
- self.timeout:			0.55
- self.action:			click
- self.click_target:		btn2.png
- self.post_condition:		None
- self.similarity:		0.7
- self.location:		None
- self.single_key:		


*args in 'CHECK_POST_CONDITION()':
- args[0] = btn2.png


**kwargs in 'CHECK_POST_CONDITION()': 


__init__(vars) in 'CHECK_POST_CONDITION()':
- self.timeout:			0.55
- self.action:			click
- self.click_target:		btn2.png
- self.post_condition:		None
- self.similarity:		0.7
- self.location:		None
- self.single_key:		</msg>
<msg level="INFO" timestamp="20150905 13:03:03.108">PASS: Action performed without post condition check.
[log] CLICK on L(893,607)@S(0)[0,0 1280x800]</msg>
<msg level="TRACE" timestamp="20150905 13:03:03.110">Return: None</msg>
<status endtime="20150905 13:03:03.112" starttime="20150905 13:03:02.548" status="PASS"></status>
</kw>
<kw library="SikuliXLibrary" name="Click">
<doc>Dokumentation fehlt!!!</doc>
<arguments>
<arg>btnEqual.png</arg>
</arguments>
<msg level="TRACE" timestamp="20150905 13:03:03.117">Arguments: [ 'btnEqual.png' ]</msg>
<msg level="INFO" timestamp="20150905 13:03:04.302">*args in 'NEW_CLICK:CASE 1 START()':
- args[0] = btnEqual.png


**kwargs in 'NEW_CLICK:CASE 1 START()': 


__init__(vars) in 'NEW_CLICK:CASE 1 START()':
- self.timeout:			0.55
- self.action:			click
- self.click_target:		btn2.png
- self.post_condition:		None
- self.similarity:		0.7
- self.location:		None
- self.single_key:		


*args in 'NEW_CLICK:CASE 1 - one arg is image (.png)()':
- args[0] = btnEqual.png


**kwargs in 'NEW_CLICK:CASE 1 - one arg is image (.png)()': 


__init__(vars) in 'NEW_CLICK:CASE 1 - one arg is image (.png)()':
- self.timeout:			0.55
- self.action:			click
- self.click_target:		btnEqual.png
- self.post_condition:		None
- self.similarity:		0.7
- self.location:		None
- self.single_key:		


*args in 'CHECK_POST_CONDITION()':
- args[0] = btnEqual.png


**kwargs in 'CHECK_POST_CONDITION()': 


__init__(vars) in 'CHECK_POST_CONDITION()':
- self.timeout:			0.55
- self.action:			click
- self.click_target:		btnEqual.png
- self.post_condition:		None
- self.similarity:		0.7
- self.location:		None
- self.single_key:		</msg>
<msg level="INFO" timestamp="20150905 13:03:04.303">PASS: Action performed without post condition check.
[log] CLICK on L(1010,623)@S(0)[0,0 1280x800]</msg>
<msg level="TRACE" timestamp="20150905 13:03:04.306">Return: None</msg>
<status endtime="20150905 13:03:04.307" starttime="20150905 13:03:03.114" status="PASS"></status>
</kw>
<tags>
<tag>click</tag>
</tags>
<status critical="yes" endtime="20150905 13:03:04.311" starttime="20150905 13:02:59.534" status="PASS"></status>
</test>
<test name="Click Should Fail - ERROR(1): NO args or kwargs passed" id="s1-t9">
<kw type="setup" name="Start Calculator and Focus it's window">
<msg level="TRACE" timestamp="20150905 13:03:04.326">Arguments: [  ]</msg>
<kw library="SikuliXLibrary" name="Start App">
<msg level="TRACE" timestamp="20150905 13:03:04.330">Arguments: [  ]</msg>
<msg level="INFO" timestamp="20150905 13:03:05.334">[log] App.focus Rechner(0) #0</msg>
<msg level="TRACE" timestamp="20150905 13:03:05.336">Return: None</msg>
<status endtime="20150905 13:03:05.337" starttime="20150905 13:03:04.329" status="PASS"></status>
</kw>
<kw library="SikuliXLibrary" name="Verify App">
<msg level="TRACE" timestamp="20150905 13:03:05.341">Arguments: [  ]</msg>
<msg level="INFO" timestamp="20150905 13:03:05.584">PASS: Calculator window appeared</msg>
<msg level="INFO" html="yes" timestamp="20150905 13:03:05.585">Source Image &lt;img src="../library_self_test_images/CalcApp.png" /&gt;</msg>
<msg level="INFO" html="yes" timestamp="20150905 13:03:05.585">Best Matches &lt;img src="../results/matches/2015-09-05_13-03-05.png" /&gt;</msg>
<msg level="INFO" timestamp="20150905 13:03:05.585">Matched with score: 0.985000491142</msg>
<msg level="TRACE" timestamp="20150905 13:03:05.588">Return: None</msg>
<status endtime="20150905 13:03:05.590" starttime="20150905 13:03:05.340" status="PASS"></status>
</kw>
<kw library="SikuliXLibrary" name="Click">
<doc>Dokumentation fehlt!!!</doc>
<arguments>
<arg>btnC.png</arg>
</arguments>
<msg level="TRACE" timestamp="20150905 13:03:05.594">Arguments: [ 'btnC.png' ]</msg>
<msg level="INFO" timestamp="20150905 13:03:06.151">*args in 'NEW_CLICK:CASE 1 START()':
- args[0] = btnC.png


**kwargs in 'NEW_CLICK:CASE 1 START()': 


__init__(vars) in 'NEW_CLICK:CASE 1 START()':
- self.timeout:			0.55
- self.action:			click
- self.click_target:		btnEqual.png
- self.post_condition:		None
- self.similarity:		0.7
- self.location:		None
- self.single_key:		


*args in 'NEW_CLICK:CASE 1 - one arg is image (.png)()':
- args[0] = btnC.png


**kwargs in 'NEW_CLICK:CASE 1 - one arg is image (.png)()': 


__init__(vars) in 'NEW_CLICK:CASE 1 - one arg is image (.png)()':
- self.timeout:			0.55
- self.action:			click
- self.click_target:		btnC.png
- self.post_condition:		None
- self.similarity:		0.7
- self.location:		None
- self.single_key:		


*args in 'CHECK_POST_CONDITION()':
- args[0] = btnC.png


**kwargs in 'CHECK_POST_CONDITION()': 


__init__(vars) in 'CHECK_POST_CONDITION()':
- self.timeout:			0.55
- self.action:			click
- self.click_target:		btnC.png
- self.post_condition:		None
- self.similarity:		0.7
- self.location:		None
- self.single_key:		</msg>
<msg level="INFO" timestamp="20150905 13:03:06.152">PASS: Action performed without post condition check.
[log] CLICK on L(932,511)@S(0)[0,0 1280x800]</msg>
<msg level="TRACE" timestamp="20150905 13:03:06.154">Return: None</msg>
<status endtime="20150905 13:03:06.155" starttime="20150905 13:03:05.592" status="PASS"></status>
</kw>
<msg level="TRACE" timestamp="20150905 13:03:06.157">Return: None</msg>
<status endtime="20150905 13:03:06.158" starttime="20150905 13:03:04.323" status="PASS"></status>
</kw>
<kw library="BuiltIn" name="Run Keyword And Expect Error">
<doc>Runs the keyword and checks that the expected error occurred.</doc>
<arguments>
<arg>*</arg>
<arg>click</arg>
</arguments>
<assign>
<var>${error_msg}</var>
</assign>
<msg level="TRACE" timestamp="20150905 13:03:06.165">Arguments: [ '*' | 'click' ]</msg>
<kw library="SikuliXLibrary" name="Click">
<doc>Dokumentation fehlt!!!</doc>
<msg level="TRACE" timestamp="20150905 13:03:06.171">Arguments: [  ]</msg>
<msg level="INFO" timestamp="20150905 13:03:06.174">*args in 'NEW_CLICK:CASE 5()':


**kwargs in 'NEW_CLICK:CASE 5()': 


__init__(vars) in 'NEW_CLICK:CASE 5()':
- self.timeout:			0.55
- self.action:			click
- self.click_target:		btnC.png
- self.post_condition:		None
- self.similarity:		0.7
- self.location:		None
- self.single_key:		</msg>
<msg level="FAIL" timestamp="20150905 13:03:06.183">AttributeError: NO (kw)args passed! But at least one arg or kwarg required!</msg>
<msg level="DEBUG" timestamp="20150905 13:03:06.184">Traceback (most recent call last):
  File "C:\_GITHUB\robotframework-sikuliXlibrary\scr\SikuliXLibrary\keywords\_sikulix_keywords.py", line 43, in click
    self.arg_analyzer(*args, **kwargs)
  File "C:\_GITHUB\robotframework-sikuliXlibrary\scr\SikuliXLibrary\keywords\_sikulix_keywords.py", line 191, in arg_analyzer
    raise AttributeError("NO (kw)args passed! But at least one arg or kwarg required!")</msg>
<status endtime="20150905 13:03:06.186" starttime="20150905 13:03:06.169" status="FAIL"></status>
</kw>
<msg level="TRACE" timestamp="20150905 13:03:06.192">Return: 'AttributeError: NO (kw)args passed! But at least one arg or kwarg required!'</msg>
<msg level="INFO" timestamp="20150905 13:03:06.194">${error_msg} = AttributeError: NO (kw)args passed! But at least one arg or kwarg required!</msg>
<status endtime="20150905 13:03:06.195" starttime="20150905 13:03:06.161" status="PASS"></status>
</kw>
<kw library="BuiltIn" name="Should Start With">
<doc>Fails if the string ``str1`` does not start with the string ``str2``.</doc>
<arguments>
<arg>${error_msg}</arg>
<arg>AttributeError: NO (kw)args passed!</arg>
</arguments>
<msg level="TRACE" timestamp="20150905 13:03:06.203">Arguments: [ 'AttributeError: NO (kw)args passed! But at least one arg or kwarg required!' | 'AttributeError: NO (kw)args passed!' ]</msg>
<msg level="TRACE" timestamp="20150905 13:03:06.206">Return: None</msg>
<status endtime="20150905 13:03:06.207" starttime="20150905 13:03:06.198" status="PASS"></status>
</kw>
<tags>
<tag>click</tag>
</tags>
<status critical="yes" endtime="20150905 13:03:06.209" starttime="20150905 13:03:04.315" status="PASS"></status>
</test>
<test name="Click Should Fail - ERROR(2): TOO many arguments passed" id="s1-t10">
<kw type="setup" name="Start Calculator and Focus it's window">
<msg level="TRACE" timestamp="20150905 13:03:06.224">Arguments: [  ]</msg>
<kw library="SikuliXLibrary" name="Start App">
<msg level="TRACE" timestamp="20150905 13:03:06.227">Arguments: [  ]</msg>
<msg level="INFO" timestamp="20150905 13:03:07.231">[log] App.focus Rechner(0) #0</msg>
<msg level="TRACE" timestamp="20150905 13:03:07.233">Return: None</msg>
<status endtime="20150905 13:03:07.234" starttime="20150905 13:03:06.226" status="PASS"></status>
</kw>
<kw library="SikuliXLibrary" name="Verify App">
<msg level="TRACE" timestamp="20150905 13:03:07.238">Arguments: [  ]</msg>
<msg level="INFO" timestamp="20150905 13:03:07.450">PASS: Calculator window appeared</msg>
<msg level="INFO" html="yes" timestamp="20150905 13:03:07.450">Source Image &lt;img src="../library_self_test_images/CalcApp.png" /&gt;</msg>
<msg level="INFO" html="yes" timestamp="20150905 13:03:07.451">Best Matches &lt;img src="../results/matches/2015-09-05_13-03-07.png" /&gt;</msg>
<msg level="INFO" timestamp="20150905 13:03:07.451">Matched with score: 0.995644211769</msg>
<msg level="TRACE" timestamp="20150905 13:03:07.454">Return: None</msg>
<status endtime="20150905 13:03:07.455" starttime="20150905 13:03:07.237" status="PASS"></status>
</kw>
<kw library="SikuliXLibrary" name="Click">
<doc>Dokumentation fehlt!!!</doc>
<arguments>
<arg>btnC.png</arg>
</arguments>
<msg level="TRACE" timestamp="20150905 13:03:07.460">Arguments: [ 'btnC.png' ]</msg>
<msg level="INFO" timestamp="20150905 13:03:09.394">*args in 'NEW_CLICK:CASE 1 START()':
- args[0] = btnC.png


**kwargs in 'NEW_CLICK:CASE 1 START()': 


__init__(vars) in 'NEW_CLICK:CASE 1 START()':
- self.timeout:			0.55
- self.action:			click
- self.click_target:		btnC.png
- self.post_condition:		None
- self.similarity:		0.7
- self.location:		None
- self.single_key:		


*args in 'NEW_CLICK:CASE 1 - one arg is image (.png)()':
- args[0] = btnC.png


**kwargs in 'NEW_CLICK:CASE 1 - one arg is image (.png)()': 


__init__(vars) in 'NEW_CLICK:CASE 1 - one arg is image (.png)()':
- self.timeout:			0.55
- self.action:			click
- self.click_target:		btnC.png
- self.post_condition:		None
- self.similarity:		0.7
- self.location:		None
- self.single_key:		


*args in 'CHECK_POST_CONDITION()':
- args[0] = btnC.png


**kwargs in 'CHECK_POST_CONDITION()': 


__init__(vars) in 'CHECK_POST_CONDITION()':
- self.timeout:			0.55
- self.action:			click
- self.click_target:		btnC.png
- self.post_condition:		None
- self.similarity:		0.7
- self.location:		None
- self.single_key:		</msg>
<msg level="INFO" timestamp="20150905 13:03:09.394">PASS: Action performed without post condition check.
[log] CLICK on L(932,511)@S(0)[0,0 1280x800]</msg>
<msg level="TRACE" timestamp="20150905 13:03:09.398">Return: None</msg>
<status endtime="20150905 13:03:09.400" starttime="20150905 13:03:07.457" status="PASS"></status>
</kw>
<msg level="TRACE" timestamp="20150905 13:03:09.402">Return: None</msg>
<status endtime="20150905 13:03:09.404" starttime="20150905 13:03:06.221" status="PASS"></status>
</kw>
<kw library="BuiltIn" name="Run Keyword And Expect Error">
<doc>Runs the keyword and checks that the expected error occurred.</doc>
<arguments>
<arg>*</arg>
<arg>click</arg>
<arg>image1</arg>
<arg>image2</arg>
<arg>image3</arg>
</arguments>
<assign>
<var>${error_msg_1}</var>
</assign>
<msg level="TRACE" timestamp="20150905 13:03:09.411">Arguments: [ '*' | 'click' | 'image1' | 'image2' | 'image3' ]</msg>
<kw library="SikuliXLibrary" name="Click">
<doc>Dokumentation fehlt!!!</doc>
<arguments>
<arg>image1</arg>
<arg>image2</arg>
<arg>image3</arg>
</arguments>
<msg level="TRACE" timestamp="20150905 13:03:09.421">Arguments: [ 'image1' | 'image2' | 'image3' ]</msg>
<msg level="INFO" timestamp="20150905 13:03:09.424">*args in 'NEW_CLICK:CASE 2()':
- args[0] = image1
- args[1] = image2
- args[2] = image3


**kwargs in 'NEW_CLICK:CASE 2()': 


__init__(vars) in 'NEW_CLICK:CASE 2()':
- self.timeout:			0.55
- self.action:			click
- self.click_target:		btnC.png
- self.post_condition:		None
- self.similarity:		0.7
- self.location:		None
- self.single_key:		</msg>
<msg level="FAIL" timestamp="20150905 13:03:09.427">AttributeError: Too many args passed! Max 2 allowed!</msg>
<msg level="DEBUG" timestamp="20150905 13:03:09.428">Traceback (most recent call last):
  File "C:\_GITHUB\robotframework-sikuliXlibrary\scr\SikuliXLibrary\keywords\_sikulix_keywords.py", line 43, in click
    self.arg_analyzer(*args, **kwargs)
  File "C:\_GITHUB\robotframework-sikuliXlibrary\scr\SikuliXLibrary\keywords\_sikulix_keywords.py", line 110, in arg_analyzer
    raise AttributeError("Too many args passed! Max 2 allowed!")</msg>
<status endtime="20150905 13:03:09.429" starttime="20150905 13:03:09.417" status="FAIL"></status>
</kw>
<msg level="TRACE" timestamp="20150905 13:03:09.432">Return: 'AttributeError: Too many args passed! Max 2 allowed!'</msg>
<msg level="INFO" timestamp="20150905 13:03:09.434">${error_msg_1} = AttributeError: Too many args passed! Max 2 allowed!</msg>
<status endtime="20150905 13:03:09.435" starttime="20150905 13:03:09.407" status="PASS"></status>
</kw>
<kw library="BuiltIn" name="Run Keyword And Expect Error">
<doc>Runs the keyword and checks that the expected error occurred.</doc>
<arguments>
<arg>*</arg>
<arg>click</arg>
<arg>btnC.png</arg>
<arg>CalcApp.png</arg>
<arg>btn2.png</arg>
</arguments>
<assign>
<var>${error_msg_2}</var>
</assign>
<msg level="TRACE" timestamp="20150905 13:03:09.442">Arguments: [ '*' | 'click' | 'btnC.png' | 'CalcApp.png' | 'btn2.png' ]</msg>
<kw library="SikuliXLibrary" name="Click">
<doc>Dokumentation fehlt!!!</doc>
<arguments>
<arg>btnC.png</arg>
<arg>CalcApp.png</arg>
<arg>btn2.png</arg>
</arguments>
<msg level="TRACE" timestamp="20150905 13:03:09.449">Arguments: [ 'btnC.png' | 'CalcApp.png' | 'btn2.png' ]</msg>
<msg level="INFO" timestamp="20150905 13:03:09.452">*args in 'NEW_CLICK:CASE 2()':
- args[0] = btnC.png
- args[1] = CalcApp.png
- args[2] = btn2.png


**kwargs in 'NEW_CLICK:CASE 2()': 


__init__(vars) in 'NEW_CLICK:CASE 2()':
- self.timeout:			0.55
- self.action:			click
- self.click_target:		btnC.png
- self.post_condition:		None
- self.similarity:		0.7
- self.location:		None
- self.single_key:		</msg>
<msg level="FAIL" timestamp="20150905 13:03:09.455">AttributeError: Too many args passed! Max 2 allowed!</msg>
<msg level="DEBUG" timestamp="20150905 13:03:09.456">Traceback (most recent call last):
  File "C:\_GITHUB\robotframework-sikuliXlibrary\scr\SikuliXLibrary\keywords\_sikulix_keywords.py", line 43, in click
    self.arg_analyzer(*args, **kwargs)
  File "C:\_GITHUB\robotframework-sikuliXlibrary\scr\SikuliXLibrary\keywords\_sikulix_keywords.py", line 110, in arg_analyzer
    raise AttributeError("Too many args passed! Max 2 allowed!")</msg>
<status endtime="20150905 13:03:09.457" starttime="20150905 13:03:09.446" status="FAIL"></status>
</kw>
<msg level="TRACE" timestamp="20150905 13:03:09.458">Return: 'AttributeError: Too many args passed! Max 2 allowed!'</msg>
<msg level="INFO" timestamp="20150905 13:03:09.460">${error_msg_2} = AttributeError: Too many args passed! Max 2 allowed!</msg>
<status endtime="20150905 13:03:09.461" starttime="20150905 13:03:09.438" status="PASS"></status>
</kw>
<kw library="BuiltIn" name="Should Start With">
<doc>Fails if the string ``str1`` does not start with the string ``str2``.</doc>
<arguments>
<arg>${error_msg_1}</arg>
<arg>AttributeError: Too many args passed! Max 2 allowed!</arg>
</arguments>
<msg level="TRACE" timestamp="20150905 13:03:09.467">Arguments: [ 'AttributeError: Too many args passed! Max 2 allowed!' | 'AttributeError: Too many args passed! Max 2 allowed!' ]</msg>
<msg level="TRACE" timestamp="20150905 13:03:09.471">Return: None</msg>
<status endtime="20150905 13:03:09.473" starttime="20150905 13:03:09.463" status="PASS"></status>
</kw>
<kw library="BuiltIn" name="Should Start With">
<doc>Fails if the string ``str1`` does not start with the string ``str2``.</doc>
<arguments>
<arg>${error_msg_2}</arg>
<arg>AttributeError: Too many args passed! Max 2 allowed!</arg>
</arguments>
<msg level="TRACE" timestamp="20150905 13:03:09.481">Arguments: [ 'AttributeError: Too many args passed! Max 2 allowed!' | 'AttributeError: Too many args passed! Max 2 allowed!' ]</msg>
<msg level="TRACE" timestamp="20150905 13:03:09.484">Return: None</msg>
<status endtime="20150905 13:03:09.486" starttime="20150905 13:03:09.476" status="PASS"></status>
</kw>
<tags>
<tag>click</tag>
</tags>
<status critical="yes" endtime="20150905 13:03:09.489" starttime="20150905 13:03:06.213" status="PASS"></status>
</test>
<test name="Click Should Fail - ERROR(3): Invalid argument(s) passed" id="s1-t11">
<kw type="setup" name="Start Calculator and Focus it's window">
<msg level="TRACE" timestamp="20150905 13:03:09.505">Arguments: [  ]</msg>
<kw library="SikuliXLibrary" name="Start App">
<msg level="TRACE" timestamp="20150905 13:03:09.509">Arguments: [  ]</msg>
<msg level="INFO" timestamp="20150905 13:03:10.513">[log] App.focus Rechner(0) #0</msg>
<msg level="TRACE" timestamp="20150905 13:03:10.514">Return: None</msg>
<status endtime="20150905 13:03:10.516" starttime="20150905 13:03:09.507" status="PASS"></status>
</kw>
<kw library="SikuliXLibrary" name="Verify App">
<msg level="TRACE" timestamp="20150905 13:03:10.520">Arguments: [  ]</msg>
<msg level="INFO" timestamp="20150905 13:03:10.749">PASS: Calculator window appeared</msg>
<msg level="INFO" html="yes" timestamp="20150905 13:03:10.750">Source Image &lt;img src="../library_self_test_images/CalcApp.png" /&gt;</msg>
<msg level="INFO" html="yes" timestamp="20150905 13:03:10.750">Best Matches &lt;img src="../results/matches/2015-09-05_13-03-10.png" /&gt;</msg>
<msg level="INFO" timestamp="20150905 13:03:10.750">Matched with score: 0.995644211769</msg>
<msg level="TRACE" timestamp="20150905 13:03:10.755">Return: None</msg>
<status endtime="20150905 13:03:10.756" starttime="20150905 13:03:10.518" status="PASS"></status>
</kw>
<kw library="SikuliXLibrary" name="Click">
<doc>Dokumentation fehlt!!!</doc>
<arguments>
<arg>btnC.png</arg>
</arguments>
<msg level="TRACE" timestamp="20150905 13:03:10.761">Arguments: [ 'btnC.png' ]</msg>
<msg level="INFO" timestamp="20150905 13:03:12.688">*args in 'NEW_CLICK:CASE 1 START()':
- args[0] = btnC.png


**kwargs in 'NEW_CLICK:CASE 1 START()': 


__init__(vars) in 'NEW_CLICK:CASE 1 START()':
- self.timeout:			0.55
- self.action:			click
- self.click_target:		btnC.png
- self.post_condition:		None
- self.similarity:		0.7
- self.location:		None
- self.single_key:		


*args in 'NEW_CLICK:CASE 1 - one arg is image (.png)()':
- args[0] = btnC.png


**kwargs in 'NEW_CLICK:CASE 1 - one arg is image (.png)()': 


__init__(vars) in 'NEW_CLICK:CASE 1 - one arg is image (.png)()':
- self.timeout:			0.55
- self.action:			click
- self.click_target:		btnC.png
[...]
</kw>
<kw library="SikuliXLibrary" name="Verify App">
<msg level="TRACE" timestamp="20150905 13:04:58.314">Arguments: [  ]</msg>
<msg level="INFO" timestamp="20150905 13:04:58.541">PASS: Calculator window appeared</msg>
<msg level="INFO" html="yes" timestamp="20150905 13:04:58.541">Source Image &lt;img src="../library_self_test_images/CalcApp.png" /&gt;</msg>
<msg level="INFO" html="yes" timestamp="20150905 13:04:58.542">Best Matches &lt;img src="../results/matches/2015-09-05_13-04-58.png" /&gt;</msg>
<msg level="INFO" timestamp="20150905 13:04:58.542">Matched with score: 0.981856226921</msg>
<msg level="TRACE" timestamp="20150905 13:04:58.546">Return: None</msg>
<status endtime="20150905 13:04:58.547" starttime="20150905 13:04:58.313" status="PASS"></status>
</kw>
<kw library="SikuliXLibrary" name="Click">
<doc>Dokumentation fehlt!!!</doc>
<arguments>
<arg>btnC.png</arg>
</arguments>
<msg level="TRACE" timestamp="20150905 13:04:58.552">Arguments: [ 'btnC.png' ]</msg>
<msg level="INFO" timestamp="20150905 13:04:59.106">*args in 'NEW_CLICK:CASE 1 START()':
- args[0] = btnC.png


**kwargs in 'NEW_CLICK:CASE 1 START()': 


__init__(vars) in 'NEW_CLICK:CASE 1 START()':
- self.timeout:			0.55
- self.action:			click
- self.click_target:		btnEqual.png
- self.post_condition:		None
- self.similarity:		0.77
- self.location:		None
- self.single_key:		


*args in 'NEW_CLICK:CASE 1 - one arg is image (.png)()':
- args[0] = btnC.png


**kwargs in 'NEW_CLICK:CASE 1 - one arg is image (.png)()': 


__init__(vars) in 'NEW_CLICK:CASE 1 - one arg is image (.png)()':
- self.timeout:			0.55
- self.action:			click
- self.click_target:		btnC.png
- self.post_condition:		None
- self.similarity:		0.77
- self.location:		None
- self.single_key:		


*args in 'CHECK_POST_CONDITION()':
- args[0] = btnC.png


**kwargs in 'CHECK_POST_CONDITION()': 


__init__(vars) in 'CHECK_POST_CONDITION()':
- self.timeout:			0.55
- self.action:			click
- self.click_target:		btnC.png
- self.post_condition:		None
- self.similarity:		0.77
- self.location:		None
- self.single_key:		</msg>
<msg level="INFO" timestamp="20150905 13:04:59.107">PASS: Action performed without post condition check.
[log] CLICK on L(932,511)@S(0)[0,0 1280x800]</msg>
<msg level="TRACE" timestamp="20150905 13:04:59.109">Return: None</msg>
<status endtime="20150905 13:04:59.110" starttime="20150905 13:04:58.550" status="PASS"></status>
</kw>
<msg level="TRACE" timestamp="20150905 13:04:59.111">Return: None</msg>
<status endtime="20150905 13:04:59.112" starttime="20150905 13:04:57.297" status="PASS"></status>
</kw>
<kw library="SikuliXLibrary" name="Start App">
<msg level="TRACE" timestamp="20150905 13:04:59.116">Arguments: [  ]</msg>
<msg level="INFO" timestamp="20150905 13:05:00.120">[log] App.focus Rechner(0) #0</msg>
<msg level="TRACE" timestamp="20150905 13:05:00.122">Return: None</msg>
<status endtime="20150905 13:05:00.123" starttime="20150905 13:04:59.115" status="PASS"></status>
</kw>
<kw library="SikuliXLibrary" name="Verify App">
<msg level="TRACE" timestamp="20150905 13:05:00.127">Arguments: [  ]</msg>
<msg level="INFO" timestamp="20150905 13:05:00.331">PASS: Calculator window appeared</msg>
<msg level="INFO" html="yes" timestamp="20150905 13:05:00.331">Source Image &lt;img src="../library_self_test_images/CalcApp.png" /&gt;</msg>
<msg level="INFO" html="yes" timestamp="20150905 13:05:00.331">Best Matches &lt;img src="../results/matches/2015-09-05_13-05-00.png" /&gt;</msg>
<msg level="INFO" timestamp="20150905 13:05:00.332">Matched with score: 0.995644211769</msg>
<msg level="TRACE" timestamp="20150905 13:05:00.334">Return: None</msg>
<status endtime="20150905 13:05:00.335" starttime="20150905 13:05:00.125" status="PASS"></status>
</kw>
<kw library="SikuliXLibrary" name="Use Keyboard Shortcut">
<arguments>
<arg>\ue022</arg>
<arg>\ue014</arg>
</arguments>
<msg level="TRACE" timestamp="20150905 13:05:00.342">Arguments: [ '\ue022' | '\ue014' ]</msg>
<msg level="INFO" timestamp="20150905 13:05:00.411">*args in 'USE_KEYBOARD_SHORTCUT()':
- args[0] = 
- args[1] = 


**kwargs in 'USE_KEYBOARD_SHORTCUT()': 


__init__(vars) in 'USE_KEYBOARD_SHORTCUT()':
- self.timeout:			0.55
- self.action:			click
- self.click_target:		btnC.png
- self.post_condition:		None
- self.similarity:		0.77
- self.location:		None
- self.single_key:		


[log]  TYPE "#F4."</msg>
<msg level="TRACE" timestamp="20150905 13:05:00.412">Return: None</msg>
<status endtime="20150905 13:05:00.413" starttime="20150905 13:05:00.337" status="PASS"></status>
</kw>
<doc>Simulates keyboard shortcut ALT + F4 to close calculator window.</doc>
<tags>
<tag>shortcut</tag>
</tags>
<status critical="yes" endtime="20150905 13:05:00.418" starttime="20150905 13:04:57.290" status="PASS"></status>
</test>
<test name="Wait Vanish" id="s1-t42">
<kw type="setup" name="Start Calculator and Focus it's window">
<msg level="TRACE" timestamp="20150905 13:05:00.775">Arguments: [  ]</msg>
<kw library="SikuliXLibrary" name="Start App">
<msg level="TRACE" timestamp="20150905 13:05:00.781">Arguments: [  ]</msg>
<msg level="INFO" timestamp="20150905 13:05:03.885">[log] App.open calc.exe(1900)
[log] App.focus Rechner(0) #0</msg>
<msg level="TRACE" timestamp="20150905 13:05:03.887">Return: None</msg>
<status endtime="20150905 13:05:03.888" starttime="20150905 13:05:00.779" status="PASS"></status>
</kw>
<kw library="SikuliXLibrary" name="Verify App">
<msg level="TRACE" timestamp="20150905 13:05:03.891">Arguments: [  ]</msg>
<msg level="INFO" timestamp="20150905 13:05:04.095">PASS: Calculator window appeared</msg>
<msg level="INFO" html="yes" timestamp="20150905 13:05:04.095">Source Image &lt;img src="../library_self_test_images/CalcApp.png" /&gt;</msg>
<msg level="INFO" html="yes" timestamp="20150905 13:05:04.096">Best Matches &lt;img src="../results/matches/2015-09-05_13-05-04.png" /&gt;</msg>
<msg level="INFO" timestamp="20150905 13:05:04.096">Matched with score: 0.995595216751</msg>
<msg level="TRACE" timestamp="20150905 13:05:04.098">Return: None</msg>
<status endtime="20150905 13:05:04.100" starttime="20150905 13:05:03.890" status="PASS"></status>
</kw>
<kw library="SikuliXLibrary" name="Click">
<doc>Dokumentation fehlt!!!</doc>
<arguments>
<arg>btnC.png</arg>
</arguments>
<msg level="TRACE" timestamp="20150905 13:05:04.103">Arguments: [ 'btnC.png' ]</msg>
<msg level="INFO" timestamp="20150905 13:05:04.771">*args in 'NEW_CLICK:CASE 1 START()':
- args[0] = btnC.png


**kwargs in 'NEW_CLICK:CASE 1 START()': 


__init__(vars) in 'NEW_CLICK:CASE 1 START()':
- self.timeout:			0.55
- self.action:			click
- self.click_target:		btnC.png
- self.post_condition:		None
- self.similarity:		0.77
- self.location:		None
- self.single_key:		


*args in 'NEW_CLICK:CASE 1 - one arg is image (.png)()':
- args[0] = btnC.png


**kwargs in 'NEW_CLICK:CASE 1 - one arg is image (.png)()': 


__init__(vars) in 'NEW_CLICK:CASE 1 - one arg is image (.png)()':
- self.timeout:			0.55
- self.action:			click
- self.click_target:		btnC.png
- self.post_condition:		None
- self.similarity:		0.77
- self.location:		None
- self.single_key:		


*args in 'CHECK_POST_CONDITION()':
- args[0] = btnC.png


**kwargs in 'CHECK_POST_CONDITION()': 


__init__(vars) in 'CHECK_POST_CONDITION()':
- self.timeout:			0.55
- self.action:			click
- self.click_target:		btnC.png
- self.post_condition:		None
- self.similarity:		0.77
- self.location:		None
- self.single_key:		</msg>
<msg level="INFO" timestamp="20150905 13:05:04.772">PASS: Action performed without post condition check.
[log] CLICK on L(932,511)@S(0)[0,0 1280x800]</msg>
<msg level="TRACE" timestamp="20150905 13:05:04.774">Return: None</msg>
<status endtime="20150905 13:05:04.775" starttime="20150905 13:05:04.101" status="PASS"></status>
</kw>
<msg level="TRACE" timestamp="20150905 13:05:04.776">Return: None</msg>
<status endtime="20150905 13:05:04.777" starttime="20150905 13:05:00.770" status="PASS"></status>
</kw>
<kw library="SikuliXLibrary" name="Start App">
<msg level="TRACE" timestamp="20150905 13:05:04.782">Arguments: [  ]</msg>
<msg level="INFO" timestamp="20150905 13:05:05.785">[log] App.focus Rechner(0) #0</msg>
<msg level="TRACE" timestamp="20150905 13:05:05.787">Return: None</msg>
<status endtime="20150905 13:05:05.788" starttime="20150905 13:05:04.781" status="PASS"></status>
</kw>
<kw library="SikuliXLibrary" name="Verify App">
<msg level="TRACE" timestamp="20150905 13:05:05.808">Arguments: [  ]</msg>
<msg level="INFO" timestamp="20150905 13:05:06.015">PASS: Calculator window appeared</msg>
<msg level="INFO" html="yes" timestamp="20150905 13:05:06.016">Source Image &lt;img src="../library_self_test_images/CalcApp.png" /&gt;</msg>
<msg level="INFO" html="yes" timestamp="20150905 13:05:06.016">Best Matches &lt;img src="../results/matches/2015-09-05_13-05-05.png" /&gt;</msg>
<msg level="INFO" timestamp="20150905 13:05:06.017">Matched with score: 0.995595216751</msg>
<msg level="TRACE" timestamp="20150905 13:05:06.020">Return: None</msg>
<status endtime="20150905 13:05:06.022" starttime="20150905 13:05:05.806" status="PASS"></status>
</kw>
<kw library="SikuliXLibrary" name="Use Keyboard Shortcut">
<arguments>
<arg>\ue022</arg>
<arg>\ue014</arg>
</arguments>
<msg level="TRACE" timestamp="20150905 13:05:06.029">Arguments: [ '\ue022' | '\ue014' ]</msg>
<msg level="INFO" timestamp="20150905 13:05:06.102">*args in 'USE_KEYBOARD_SHORTCUT()':
- args[0] = 
- args[1] = 


**kwargs in 'USE_KEYBOARD_SHORTCUT()': 


__init__(vars) in 'USE_KEYBOARD_SHORTCUT()':
- self.timeout:			0.55
- self.action:			click
- self.click_target:		btnC.png
- self.post_condition:		None
- self.similarity:		0.77
- self.location:		None
- self.single_key:		


[log]  TYPE "#F4."</msg>
<msg level="TRACE" timestamp="20150905 13:05:06.104">Return: None</msg>
<status endtime="20150905 13:05:06.106" starttime="20150905 13:05:06.025" status="PASS"></status>
</kw>
<kw library="SikuliXLibrary" name="Wait Vanish">
<doc>Waits until something disappears. 'Something' can be a button, a window or else represented by an image.</doc>
<arguments>
<arg>CalcApp.png</arg>
<arg>timeout=7.7</arg>
</arguments>
<msg level="TRACE" timestamp="20150905 13:05:06.115">Arguments: [ 'CalcApp.png' | timeout='7.7' ]</msg>
<msg level="INFO" timestamp="20150905 13:05:08.365">PASS: CalcApp.png disappeared before timeout.</msg>
<msg level="INFO" html="yes" timestamp="20150905 13:05:08.365">Source Image &lt;img src="../library_self_test_images/CalcApp.png" /&gt;</msg>
<msg level="INFO" html="yes" timestamp="20150905 13:05:08.366">Best Matches &lt;img src="../results/matches/2015-09-05_13-05-08.png" /&gt;</msg>
<msg level="INFO" timestamp="20150905 13:05:08.366">Matched with score: 0.995595216751
*args in 'WAIT_VANISH()':
- args[0] = CalcApp.png


**kwargs in 'WAIT_VANISH()': 
- kwargs: timeout = 7.7


__init__(vars) in 'WAIT_VANISH()':
- self.timeout:			7.7
- self.action:			click
- self.click_target:		btnC.png
- self.post_condition:		None
- self.similarity:		0.77
- self.location:		None
- self.single_key:		


[debug] Region: waiting for CalcApp.png to vanish
[debug] Image: reused: CalcApp.png (file:C:\_GITHUB\robotframework-sikuliXlibrary\test\library_self_test_images\CalcApp.png)
[debug] Region: checkLastSeen: not there
[debug] Region: CalcApp.png has vanished
[debug] ScreenUnion: capture: (818,350) 228x323
[debug] FileManager: tempfile create:
C:\Users\WLADIS~1\AppData\Local\Temp\Sikulix\sikuli-450318192681630880.png</msg>
<msg level="TRACE" timestamp="20150905 13:05:08.370">Return: None</msg>
<status endtime="20150905 13:05:08.371" starttime="20150905 13:05:06.110" status="PASS"></status>
</kw>
<tags>
<tag>shortcut</tag>
</tags>
<status critical="yes" endtime="20150905 13:05:08.377" starttime="20150905 13:05:00.641" status="PASS"></status>
</test>
<test name="Wait Vanish Should Fail" id="s1-t43">
<kw type="setup" name="Start Calculator and Focus it's window">
<msg level="TRACE" timestamp="20150905 13:05:08.390">Arguments: [  ]</msg>
<kw library="SikuliXLibrary" name="Start App">
<msg level="TRACE" timestamp="20150905 13:05:08.394">Arguments: [  ]</msg>
<msg level="INFO" timestamp="20150905 13:05:11.407">[log] App.open calc.exe(8576)
[log] App.focus Rechner(0) #0</msg>
<msg level="TRACE" timestamp="20150905 13:05:11.409">Return: None</msg>
<status endtime="20150905 13:05:11.410" starttime="20150905 13:05:08.392" status="PASS"></status>
</kw>
<kw library="SikuliXLibrary" name="Verify App">
<msg level="TRACE" timestamp="20150905 13:05:11.414">Arguments: [  ]</msg>
<msg level="INFO" timestamp="20150905 13:05:11.645">PASS: Calculator window appeared</msg>
<msg level="INFO" html="yes" timestamp="20150905 13:05:11.645">Source Image &lt;img src="../library_self_test_images/CalcApp.png" /&gt;</msg>
<msg level="INFO" html="yes" timestamp="20150905 13:05:11.646">Best Matches &lt;img src="../results/matches/2015-09-05_13-05-11.png" /&gt;</msg>
<msg level="INFO" timestamp="20150905 13:05:11.646">Matched with score: 0.995595216751</msg>
<msg level="TRACE" timestamp="20150905 13:05:11.648">Return: None</msg>
<status endtime="20150905 13:05:11.649" starttime="20150905 13:05:11.412" status="PASS"></status>
</kw>
<kw library="SikuliXLibrary" name="Click">
<doc>Dokumentation fehlt!!!</doc>
<arguments>
<arg>btnC.png</arg>
</arguments>
<msg level="TRACE" timestamp="20150905 13:05:11.653">Arguments: [ 'btnC.png' ]</msg>
<msg level="INFO" timestamp="20150905 13:05:12.359">*args in 'NEW_CLICK:CASE 1 START()':
- args[0] = btnC.png


**kwargs in 'NEW_CLICK:CASE 1 START()': 


__init__(vars) in 'NEW_CLICK:CASE 1 START()':
- self.timeout:			7.7
- self.action:			click
- self.click_target:		btnC.png
- self.post_condition:		None
- self.similarity:		0.77
- self.location:		None
- self.single_key:		


*args in 'NEW_CLICK:CASE 1 - one arg is image (.png)()':
- args[0] = btnC.png


**kwargs in 'NEW_CLICK:CASE 1 - one arg is image (.png)()': 


__init__(vars) in 'NEW_CLICK:CASE 1 - one arg is image (.png)()':
- self.timeout:			7.7
- self.action:			click
- self.click_target:		btnC.png
- self.post_condition:		None
- self.similarity:		0.77
- self.location:		None
- self.single_key:		


*args in 'CHECK_POST_CONDITION()':
- args[0] = btnC.png


**kwargs in 'CHECK_POST_CONDITION()': 


__init__(vars) in 'CHECK_POST_CONDITION()':
- self.timeout:			7.7
- self.action:			click
- self.click_target:		btnC.png
- self.post_condition:		None
- self.similarity:		0.77
- self.location:		None
- self.single_key:		</msg>
<msg level="INFO" timestamp="20150905 13:05:12.360">PASS: Action performed without post condition check.
[log] CLICK on L(932,511)@S(0)[0,0 1280x800]</msg>
<msg level="TRACE" timestamp="20150905 13:05:12.362">Return: None</msg>
<status endtime="20150905 13:05:12.364" starttime="20150905 13:05:11.651" status="PASS"></status>
</kw>
<msg level="TRACE" timestamp="20150905 13:05:12.366">Return: None</msg>
<status endtime="20150905 13:05:12.367" starttime="20150905 13:05:08.387" status="PASS"></status>
</kw>
<kw library="SikuliXLibrary" name="Start App">
<msg level="TRACE" timestamp="20150905 13:05:12.371">Arguments: [  ]</msg>
<msg level="INFO" timestamp="20150905 13:05:13.374">[log] App.focus Rechner(0) #0</msg>
<msg level="TRACE" timestamp="20150905 13:05:13.376">Return: None</msg>
<status endtime="20150905 13:05:13.377" starttime="20150905 13:05:12.370" status="PASS"></status>
</kw>
<kw library="SikuliXLibrary" name="Verify App">
<msg level="TRACE" timestamp="20150905 13:05:13.380">Arguments: [  ]</msg>
<msg level="INFO" timestamp="20150905 13:05:13.594">PASS: Calculator window appeared</msg>
<msg level="INFO" html="yes" timestamp="20150905 13:05:13.594">Source Image &lt;img src="../library_self_test_images/CalcApp.png" /&gt;</msg>
<msg level="INFO" html="yes" timestamp="20150905 13:05:13.595">Best Matches &lt;img src="../results/matches/2015-09-05_13-05-13.png" /&gt;</msg>
<msg level="INFO" timestamp="20150905 13:05:13.595">Matched with score: 0.995595216751</msg>
<msg level="TRACE" timestamp="20150905 13:05:13.597">Return: None</msg>
<status endtime="20150905 13:05:13.598" starttime="20150905 13:05:13.379" status="PASS"></status>
</kw>
<kw library="BuiltIn" name="Run Keyword And Expect Error">
<doc>Runs the keyword and checks that the expected error occurred.</doc>
<arguments>
<arg>*</arg>
<arg>wait vanish</arg>
<arg>CalcApp.png</arg>
<arg>timeout=5.5</arg>
</arguments>
<msg level="TRACE" timestamp="20150905 13:05:13.603">Arguments: [ '*' | 'wait vanish' | 'CalcApp.png' | 'timeout=5.5' ]</msg>
<kw library="SikuliXLibrary" name="Wait Vanish">
<doc>Waits until something disappears. 'Something' can be a button, a window or else represented by an image.</doc>
<arguments>
<arg>CalcApp.png</arg>
<arg>timeout=5.5</arg>
</arguments>
<msg level="TRACE" timestamp="20150905 13:05:13.609">Arguments: [ 'CalcApp.png' | timeout='5.5' ]</msg>
<msg level="INFO" html="yes" timestamp="20150905 13:05:20.291">Source Image &lt;img src="../library_self_test_images/CalcApp.png" /&gt;</msg>
<msg level="INFO" html="yes" timestamp="20150905 13:05:20.291">&lt;img src="../results/screenshots/2015-09-05_13-05-19.png" /&gt;
[debug] Region: waiting for CalcApp.png to vanish
[debug] Image: reused: CalcApp.png (file:C:\_GITHUB\robotframework-sikuliXlibrary\test\library_self_test_images\CalcApp.png)
[debug] Region: checkLastSeen: still there
[debug] Region: CalcApp.png has not vanished before timeout
[debug] ScreenUnion: capture: (0,0) 1280x800
[debug] FileManager: tempfile create:
C:\Users\WLADIS~1\AppData\Local\Temp\Sikulix\sikuli-4092612829494556018.png</msg>
<msg level="FAIL" timestamp="20150905 13:05:20.296">VerificationFailed: CalcApp.png did NOT disappear before timeout!</msg>
<msg level="DEBUG" timestamp="20150905 13:05:20.297">Traceback (most recent call last):
  File "C:\_GITHUB\robotframework-sikuliXlibrary\scr\SikuliXLibrary\keywords\_sikulix_keywords.py", line 241, in wait_vanish
    self.log.failed("%s did NOT disappear before timeout!" % image)
  File "C:\_GITHUB\robotframework-sikuliXlibrary\scr\SikuliXLibrary\keywords\logger.py", line 65, in failed
    raise common.VerificationFailed(msg)</msg>
<status endtime="20150905 13:05:20.298" starttime="20150905 13:05:13.607" status="FAIL"></status>
</kw>
<msg level="TRACE" timestamp="20150905 13:05:20.301">Return: 'VerificationFailed: CalcApp.png did NOT disappear before timeout!'</msg>
<status endtime="20150905 13:05:20.302" starttime="20150905 13:05:13.601" status="PASS"></status>
</kw>
<tags>
<tag>shortcut</tag>
</tags>
<status critical="yes" endtime="20150905 13:05:20.305" starttime="20150905 13:05:08.381" status="PASS"></status>
</test>
<doc>The purpose of this test suite is to test the functionality of
'Robot Framework SikuliXLibrary'.

Start testexecution:
in CMD:
jybottest library_self_test.robot
NOTE: this will run all tests in this suite.

in CMD with options:
jybottest --include TAG_1 --noncritical TAG_2 library_self_test.robot
NOTE: this will only run tests with TAG_1 AND additionally test with
TAG_2 will be treated as noncritical and thus will have no influence
on overall suite result.
from file explorer:
doubleclick run_library_self_test_with_jybot.bat OR ~...pybot.bat
</doc>
<status endtime="20150905 13:05:20.445" starttime="20150905 13:02:20.480" status="PASS"></status>
</suite>
<statistics>
<total>
<stat pass="43" fail="0">Critical Tests</stat>
<stat pass="43" fail="0">All Tests</stat>
</total>
<tag>
<stat pass="11" fail="0">basic</stat>
<stat pass="3" fail="0">calc</stat>
<stat pass="24" fail="0">click</stat>
<stat pass="6" fail="0">error</stat>
<stat pass="1" fail="0">in_region</stat>
<stat pass="1" fail="0">log</stat>
<stat pass="3" fail="0">new</stat>
<stat pass="10" fail="0">ocr_on</stat>
<stat pass="3" fail="0">shortcut</stat>
<stat pass="1" fail="0">u_act</stat>
</tag>
<suite>
<stat pass="43" fail="0" name="Library Self Test" id="s1">Library Self Test</stat>
</suite>
</statistics>
<errors>
</errors>
</robot>
